2015-11-10 15:26:56 10fc InnoDB: Warning: Using innodb_additional_mem_pool_size is DEPRECATED. This option may be removed in future releases, together with the option innodb_use_sys_malloc and with the InnoDB's internal memory allocator.
2015-11-10 15:26:56 4348 [Note] InnoDB: Using mutexes to ref count buffer pool pages
2015-11-10 15:26:56 4348 [Note] InnoDB: The InnoDB memory heap is disabled
2015-11-10 15:26:56 4348 [Note] InnoDB: Mutexes and rw_locks use Windows interlocked functions
2015-11-10 15:26:56 4348 [Note] InnoDB: Memory barrier is not used
2015-11-10 15:26:56 4348 [Note] InnoDB: Compressed tables use zlib 1.2.3
2015-11-10 15:26:56 4348 [Note] InnoDB: Not using CPU crc32 instructions
2015-11-10 15:26:56 4348 [Note] InnoDB: Initializing buffer pool, size = 16.0M
2015-11-10 15:26:56 4348 [Note] InnoDB: Completed initialization of buffer pool
2015-11-10 15:26:56 4348 [Note] InnoDB: Highest supported file format is Barracuda.
2015-11-10 15:26:57 4348 [Note] InnoDB: 128 rollback segment(s) are active.
2015-11-10 15:26:57 4348 [Note] InnoDB: Waiting for purge to start
2015-11-10 15:26:57 4348 [Note] InnoDB:  Percona XtraDB (http://www.percona.com) 5.6.26-74.0 started; log sequence number 1835027
2015-11-10 15:26:57 6140 [Note] InnoDB: Dumping buffer pool(s) not yet started
2015-11-10 15:26:57 4348 [Note] Plugin 'FEEDBACK' is disabled.
2015-11-10 15:26:57 4348 [Note] Server socket created on IP: '::'.
2015-11-10 15:26:57 4348 [Note] Event Scheduler: Loaded 0 events
2015-11-10 15:26:57 4348 [Note] C:\xampp\mysql\bin\mysqld.exe: ready for connections.
Version: '10.1.8-MariaDB'  socket: ''  port: 3306  mariadb.org binary distribution
2015-11-10 15:27:11 5152 [Note] C:\xampp\mysql\bin\mysqld.exe: Normal shutdown

2015-11-10 15:27:11 5152 [Note] Event Scheduler: Purging the queue. 0 events
2015-11-10 15:27:11 5732 [Note] InnoDB: FTS optimize thread exiting.
2015-11-10 15:27:11 5152 [Note] InnoDB: Starting shutdown...
2015-11-10 15:27:13 5152 [Note] InnoDB: Shutdown completed; log sequence number 1835037
2015-11-10 15:27:13 5152 [Note] C:\xampp\mysql\bin\mysqld.exe: Shutdown complete

2018-01-03 19:38:38 1014 InnoDB: Warning: Using innodb_additional_mem_pool_size is DEPRECATED. This option may be removed in future releases, together with the option innodb_use_sys_malloc and with the InnoDB's internal memory allocator.
2018-01-03 19:38:38 4116 [Note] InnoDB: innodb_empty_free_list_algorithm has been changed to legacy because of small buffer pool size. In order to use backoff, increase buffer pool at least up to 20MB.

2018-01-03 19:38:38 4116 [Note] InnoDB: Using mutexes to ref count buffer pool pages
2018-01-03 19:38:38 4116 [Note] InnoDB: The InnoDB memory heap is disabled
2018-01-03 19:38:38 4116 [Note] InnoDB: Mutexes and rw_locks use Windows interlocked functions
2018-01-03 19:38:38 4116 [Note] InnoDB: _mm_lfence() and _mm_sfence() are used for memory barrier
2018-01-03 19:38:38 4116 [Note] InnoDB: Compressed tables use zlib 1.2.3
2018-01-03 19:38:38 4116 [Note] InnoDB: Using generic crc32 instructions
2018-01-03 19:38:38 4116 [Note] InnoDB: Initializing buffer pool, size = 16.0M
2018-01-03 19:38:38 4116 [Note] InnoDB: Completed initialization of buffer pool
2018-01-03 19:38:38 4116 [Note] InnoDB: Highest supported file format is Barracuda.
2018-01-03 19:38:38 4116 [Note] InnoDB: 128 rollback segment(s) are active.
2018-01-03 19:38:38 4116 [Note] InnoDB: Waiting for purge to start
2018-01-03 19:38:38 4116 [Note] InnoDB:  Percona XtraDB (http://www.percona.com) 5.6.36-82.2 started; log sequence number 1835037
2018-01-03 19:38:38 7380 [Note] InnoDB: Dumping buffer pool(s) not yet started
2018-01-03 19:38:38 4116 [Note] Plugin 'FEEDBACK' is disabled.
2018-01-03 19:38:38 4116 [Note] Server socket created on IP: '::'.
2018-01-03 19:38:38 4116 [Note] c:\xampp\mysql\bin\mysqld.exe: ready for connections.
Version: '10.1.29-MariaDB'  socket: ''  port: 3306  mariadb.org binary distribution
2018-01-03 23:47:34 1210 InnoDB: Warning: Using innodb_additional_mem_pool_size is DEPRECATED. This option may be removed in future releases, together with the option innodb_use_sys_malloc and with the InnoDB's internal memory allocator.
2018-01-03 23:47:34 4624 [Note] InnoDB: innodb_empty_free_list_algorithm has been changed to legacy because of small buffer pool size. In order to use backoff, increase buffer pool at least up to 20MB.

2018-01-03 23:47:34 4624 [Note] InnoDB: Using mutexes to ref count buffer pool pages
2018-01-03 23:47:34 4624 [Note] InnoDB: The InnoDB memory heap is disabled
2018-01-03 23:47:34 4624 [Note] InnoDB: Mutexes and rw_locks use Windows interlocked functions
2018-01-03 23:47:34 4624 [Note] InnoDB: _mm_lfence() and _mm_sfence() are used for memory barrier
2018-01-03 23:47:34 4624 [Note] InnoDB: Compressed tables use zlib 1.2.3
2018-01-03 23:47:34 4624 [Note] InnoDB: Using generic crc32 instructions
2018-01-03 23:47:34 4624 [Note] InnoDB: Initializing buffer pool, size = 16.0M
2018-01-03 23:47:34 4624 [Note] InnoDB: Completed initialization of buffer pool
2018-01-03 23:47:34 4624 [Note] InnoDB: Highest supported file format is Barracuda.
2018-01-03 23:47:34 4624 [Note] InnoDB: The log sequence number 1835037 in ibdata file do not match the log sequence number 1842602 in the ib_logfiles!
2018-01-03 23:47:34 4624 [Note] InnoDB: Restoring possible half-written data pages from the doublewrite buffer...
2018-01-03 23:47:35 4624 [Note] InnoDB: 128 rollback segment(s) are active.
2018-01-03 23:47:35 4624 [Note] InnoDB: Waiting for purge to start
2018-01-03 23:47:35 4624 [Note] InnoDB:  Percona XtraDB (http://www.percona.com) 5.6.36-82.2 started; log sequence number 1842602
2018-01-03 23:47:35 5828 [Note] InnoDB: Dumping buffer pool(s) not yet started
2018-01-03 23:47:35 4624 [Note] Plugin 'FEEDBACK' is disabled.
2018-01-03 23:47:35 4624 [Note] Server socket created on IP: '::'.
2018-01-03 23:47:35 4624 [ERROR] mysqld.exe: Table '.\mysql\user' is marked as crashed and should be repaired
2018-01-03 23:47:35 4624 [Warning] Checking table:   '.\mysql\user'
2018-01-03 23:47:35 4624 [ERROR] mysql.user: 1 client is using or hasn't closed the table properly
2018-01-03 23:47:35 4624 [Note] c:\xampp\mysql\bin\mysqld.exe: ready for connections.
Version: '10.1.29-MariaDB'  socket: ''  port: 3306  mariadb.org binary distribution
2018-01-04 08:37:00 2088 InnoDB: Warning: Using innodb_additional_mem_pool_size is DEPRECATED. This option may be removed in future releases, together with the option innodb_use_sys_malloc and with the InnoDB's internal memory allocator.
2018-01-04  8:37:00 8328 [Note] InnoDB: innodb_empty_free_list_algorithm has been changed to legacy because of small buffer pool size. In order to use backoff, increase buffer pool at least up to 20MB.

2018-01-04  8:37:00 8328 [Note] InnoDB: Using mutexes to ref count buffer pool pages
2018-01-04  8:37:00 8328 [Note] InnoDB: The InnoDB memory heap is disabled
2018-01-04  8:37:00 8328 [Note] InnoDB: Mutexes and rw_locks use Windows interlocked functions
2018-01-04  8:37:00 8328 [Note] InnoDB: _mm_lfence() and _mm_sfence() are used for memory barrier
2018-01-04  8:37:00 8328 [Note] InnoDB: Compressed tables use zlib 1.2.3
2018-01-04  8:37:00 8328 [Note] InnoDB: Using generic crc32 instructions
2018-01-04  8:37:00 8328 [Note] InnoDB: Initializing buffer pool, size = 16.0M
2018-01-04  8:37:00 8328 [Note] InnoDB: Completed initialization of buffer pool
2018-01-04  8:37:00 8328 [Note] InnoDB: Highest supported file format is Barracuda.
2018-01-04  8:37:00 8328 [Note] InnoDB: The log sequence number 1835037 in ibdata file do not match the log sequence number 1842612 in the ib_logfiles!
2018-01-04  8:37:00 8328 [Note] InnoDB: Restoring possible half-written data pages from the doublewrite buffer...
2018-01-04  8:37:00 8328 [Note] InnoDB: 128 rollback segment(s) are active.
2018-01-04  8:37:00 8328 [Note] InnoDB: Waiting for purge to start
2018-01-04  8:37:01 8328 [Note] InnoDB:  Percona XtraDB (http://www.percona.com) 5.6.36-82.2 started; log sequence number 1842612
2018-01-04  8:37:01 6360 [Note] InnoDB: Dumping buffer pool(s) not yet started
2018-01-04  8:37:01 8328 [Note] Plugin 'FEEDBACK' is disabled.
2018-01-04  8:37:01 8328 [Note] Server socket created on IP: '::'.
2018-01-04  8:37:01 8328 [Note] c:\xampp\mysql\bin\mysqld.exe: ready for connections.
Version: '10.1.29-MariaDB'  socket: ''  port: 3306  mariadb.org binary distribution
2018-01-04 18:07:43 1d74 InnoDB: Warning: Using innodb_additional_mem_pool_size is DEPRECATED. This option may be removed in future releases, together with the option innodb_use_sys_malloc and with the InnoDB's internal memory allocator.
2018-01-04 18:07:43 7540 [Note] InnoDB: innodb_empty_free_list_algorithm has been changed to legacy because of small buffer pool size. In order to use backoff, increase buffer pool at least up to 20MB.

2018-01-04 18:07:43 7540 [Note] InnoDB: Using mutexes to ref count buffer pool pages
2018-01-04 18:07:43 7540 [Note] InnoDB: The InnoDB memory heap is disabled
2018-01-04 18:07:43 7540 [Note] InnoDB: Mutexes and rw_locks use Windows interlocked functions
2018-01-04 18:07:43 7540 [Note] InnoDB: _mm_lfence() and _mm_sfence() are used for memory barrier
2018-01-04 18:07:43 7540 [Note] InnoDB: Compressed tables use zlib 1.2.3
2018-01-04 18:07:43 7540 [Note] InnoDB: Using generic crc32 instructions
2018-01-04 18:07:43 7540 [Note] InnoDB: Initializing buffer pool, size = 16.0M
2018-01-04 18:07:43 7540 [Note] InnoDB: Completed initialization of buffer pool
2018-01-04 18:07:44 7540 [Note] InnoDB: Highest supported file format is Barracuda.
2018-01-04 18:07:44 7540 [Note] InnoDB: The log sequence number 1835037 in ibdata file do not match the log sequence number 1932234 in the ib_logfiles!
2018-01-04 18:07:44 7540 [Note] InnoDB: Restoring possible half-written data pages from the doublewrite buffer...
2018-01-04 18:07:44 7540 [Note] InnoDB: 128 rollback segment(s) are active.
2018-01-04 18:07:44 7540 [Note] InnoDB: Waiting for purge to start
2018-01-04 18:07:44 7540 [Note] InnoDB:  Percona XtraDB (http://www.percona.com) 5.6.36-82.2 started; log sequence number 1932234
2018-01-04 18:07:44 9908 [Note] InnoDB: Dumping buffer pool(s) not yet started
2018-01-04 18:07:44 7540 [Note] Plugin 'FEEDBACK' is disabled.
2018-01-04 18:07:45 7540 [Note] Server socket created on IP: '::'.
2018-01-04 18:07:45 7540 [Note] c:\xampp\mysql\bin\mysqld.exe: ready for connections.
Version: '10.1.29-MariaDB'  socket: ''  port: 3306  mariadb.org binary distribution
2018-01-05 08:29:39 1884 InnoDB: Warning: Using innodb_additional_mem_pool_size is DEPRECATED. This option may be removed in future releases, together with the option innodb_use_sys_malloc and with the InnoDB's internal memory allocator.
2018-01-05  8:29:39 6276 [Note] InnoDB: innodb_empty_free_list_algorithm has been changed to legacy because of small buffer pool size. In order to use backoff, increase buffer pool at least up to 20MB.

2018-01-05  8:29:39 6276 [Note] InnoDB: Using mutexes to ref count buffer pool pages
2018-01-05  8:29:39 6276 [Note] InnoDB: The InnoDB memory heap is disabled
2018-01-05  8:29:39 6276 [Note] InnoDB: Mutexes and rw_locks use Windows interlocked functions
2018-01-05  8:29:39 6276 [Note] InnoDB: _mm_lfence() and _mm_sfence() are used for memory barrier
2018-01-05  8:29:39 6276 [Note] InnoDB: Compressed tables use zlib 1.2.3
2018-01-05  8:29:39 6276 [Note] InnoDB: Using generic crc32 instructions
2018-01-05  8:29:39 6276 [Note] InnoDB: Initializing buffer pool, size = 16.0M
2018-01-05  8:29:39 6276 [Note] InnoDB: Completed initialization of buffer pool
2018-01-05  8:29:39 6276 [Note] InnoDB: Highest supported file format is Barracuda.
2018-01-05  8:29:39 6276 [Note] InnoDB: The log sequence number 1835037 in ibdata file do not match the log sequence number 1961157 in the ib_logfiles!
2018-01-05  8:29:39 6276 [Note] InnoDB: Restoring possible half-written data pages from the doublewrite buffer...
2018-01-05  8:29:40 6276 [Note] InnoDB: 128 rollback segment(s) are active.
2018-01-05  8:29:40 6276 [Note] InnoDB: Waiting for purge to start
2018-01-05  8:29:40 6276 [Note] InnoDB:  Percona XtraDB (http://www.percona.com) 5.6.36-82.2 started; log sequence number 1961157
2018-01-05  8:29:40 8712 [Note] InnoDB: Dumping buffer pool(s) not yet started
2018-01-05  8:29:40 6276 [Note] Plugin 'FEEDBACK' is disabled.
2018-01-05  8:29:40 6276 [Note] Server socket created on IP: '::'.
2018-01-05  8:29:40 6276 [Note] c:\xampp\mysql\bin\mysqld.exe: ready for connections.
Version: '10.1.29-MariaDB'  socket: ''  port: 3306  mariadb.org binary distribution
2018-01-05 13:18:35 580 [ERROR] Incorrect definition of table mysql.column_stats: expected column 'min_value' at position 3 to have type varbinary(255), found type varchar(255).
2018-01-05 13:18:35 580 [ERROR] Incorrect definition of table mysql.column_stats: expected column 'max_value' at position 4 to have type varbinary(255), found type varchar(255).
2018-01-05 13:18:35 580 [ERROR] Incorrect definition of table mysql.column_stats: expected column 'min_value' at position 3 to have type varbinary(255), found type varchar(255).
2018-01-05 13:18:35 580 [ERROR] Incorrect definition of table mysql.column_stats: expected column 'max_value' at position 4 to have type varbinary(255), found type varchar(255).
2018-01-05 13:18:35 580 [ERROR] Incorrect definition of table mysql.column_stats: expected column 'min_value' at position 3 to have type varbinary(255), found type varchar(255).
2018-01-05 13:18:35 580 [ERROR] Incorrect definition of table mysql.column_stats: expected column 'max_value' at position 4 to have type varbinary(255), found type varchar(255).
2018-01-08 09:44:42 2194 InnoDB: Warning: Using innodb_additional_mem_pool_size is DEPRECATED. This option may be removed in future releases, together with the option innodb_use_sys_malloc and with the InnoDB's internal memory allocator.
2018-01-08  9:44:42 8596 [Note] InnoDB: innodb_empty_free_list_algorithm has been changed to legacy because of small buffer pool size. In order to use backoff, increase buffer pool at least up to 20MB.

2018-01-08  9:44:42 8596 [Note] InnoDB: Using mutexes to ref count buffer pool pages
2018-01-08  9:44:42 8596 [Note] InnoDB: The InnoDB memory heap is disabled
2018-01-08  9:44:42 8596 [Note] InnoDB: Mutexes and rw_locks use Windows interlocked functions
2018-01-08  9:44:42 8596 [Note] InnoDB: _mm_lfence() and _mm_sfence() are used for memory barrier
2018-01-08  9:44:42 8596 [Note] InnoDB: Compressed tables use zlib 1.2.3
2018-01-08  9:44:42 8596 [Note] InnoDB: Using generic crc32 instructions
2018-01-08  9:44:42 8596 [Note] InnoDB: Initializing buffer pool, size = 16.0M
2018-01-08  9:44:42 8596 [Note] InnoDB: Completed initialization of buffer pool
2018-01-08  9:44:42 8596 [Note] InnoDB: Highest supported file format is Barracuda.
2018-01-08  9:44:42 8596 [Note] InnoDB: The log sequence number 1835037 in ibdata file do not match the log sequence number 2136527 in the ib_logfiles!
2018-01-08  9:44:43 8596 [Note] InnoDB: Restoring possible half-written data pages from the doublewrite buffer...
2018-01-08  9:44:43 8596 [Note] InnoDB: 128 rollback segment(s) are active.
2018-01-08  9:44:43 8596 [Note] InnoDB: Waiting for purge to start
2018-01-08  9:44:43 8596 [Note] InnoDB:  Percona XtraDB (http://www.percona.com) 5.6.36-82.2 started; log sequence number 2136527
2018-01-08  9:44:43 11328 [Note] InnoDB: Dumping buffer pool(s) not yet started
2018-01-08  9:44:43 8596 [Note] Plugin 'FEEDBACK' is disabled.
2018-01-08  9:44:43 8596 [Note] Server socket created on IP: '::'.
2018-01-08  9:44:43 8596 [ERROR] mysqld.exe: Table '.\mysql\user' is marked as crashed and should be repaired
2018-01-08  9:44:43 8596 [Warning] Checking table:   '.\mysql\user'
2018-01-08  9:44:43 8596 [ERROR] mysql.user: 1 client is using or hasn't closed the table properly
2018-01-08  9:44:43 8596 [Note] c:\xampp\mysql\bin\mysqld.exe: ready for connections.
Version: '10.1.29-MariaDB'  socket: ''  port: 3306  mariadb.org binary distribution
