[Wed Jan 03 19:37:57.278013 2018] [ssl:warn] [pid 1432:tid 712] AH01909: www.example.com:443:0 server certificate does NOT include an ID which matches the server name
[Wed Jan 03 19:37:57.309266 2018] [ssl:warn] [pid 1432:tid 712] AH01909: www.example.com:443:0 server certificate does NOT include an ID which matches the server name
[Wed Jan 03 19:37:57.356141 2018] [mpm_winnt:notice] [pid 1432:tid 712] AH00455: Apache/2.4.29 (Win32) OpenSSL/1.1.0g PHP/7.2.0 configured -- resuming normal operations
[Wed Jan 03 19:37:57.356141 2018] [mpm_winnt:notice] [pid 1432:tid 712] AH00456: Apache Lounge VC15 Server built: Nov  3 2017 10:30:36
[Wed Jan 03 19:37:57.356141 2018] [core:notice] [pid 1432:tid 712] AH00094: Command line: 'C:\\xampp\\apache\\bin\\httpd.exe -d C:/xampp/apache'
[Wed Jan 03 19:37:57.356141 2018] [mpm_winnt:notice] [pid 1432:tid 712] AH00418: Parent: Created child process 14196
[Wed Jan 03 19:37:57.801388 2018] [ssl:warn] [pid 14196:tid 704] AH01909: www.example.com:443:0 server certificate does NOT include an ID which matches the server name
[Wed Jan 03 19:37:57.848266 2018] [ssl:warn] [pid 14196:tid 704] AH01909: www.example.com:443:0 server certificate does NOT include an ID which matches the server name
[Wed Jan 03 19:37:57.879518 2018] [mpm_winnt:notice] [pid 14196:tid 704] AH00354: Child: Starting 150 worker threads.
[Wed Jan 03 19:38:37.608370 2018] [ssl:warn] [pid 4580:tid 696] AH01909: www.example.com:443:0 server certificate does NOT include an ID which matches the server name
[Wed Jan 03 19:38:37.664257 2018] [ssl:warn] [pid 4580:tid 696] AH01909: www.example.com:443:0 server certificate does NOT include an ID which matches the server name
[Wed Jan 03 19:38:37.694277 2018] [mpm_winnt:notice] [pid 4580:tid 696] AH00455: Apache/2.4.29 (Win32) OpenSSL/1.1.0g PHP/7.2.0 configured -- resuming normal operations
[Wed Jan 03 19:38:37.694277 2018] [mpm_winnt:notice] [pid 4580:tid 696] AH00456: Apache Lounge VC15 Server built: Nov  3 2017 10:30:36
[Wed Jan 03 19:38:37.694277 2018] [core:notice] [pid 4580:tid 696] AH00094: Command line: 'c:\\xampp\\apache\\bin\\httpd.exe -d C:/xampp/apache'
[Wed Jan 03 19:38:37.697280 2018] [mpm_winnt:notice] [pid 4580:tid 696] AH00418: Parent: Created child process 11168
[Wed Jan 03 19:38:38.255620 2018] [ssl:warn] [pid 11168:tid 672] AH01909: www.example.com:443:0 server certificate does NOT include an ID which matches the server name
[Wed Jan 03 19:38:38.286872 2018] [ssl:warn] [pid 11168:tid 672] AH01909: www.example.com:443:0 server certificate does NOT include an ID which matches the server name
[Wed Jan 03 19:38:38.318121 2018] [mpm_winnt:notice] [pid 11168:tid 672] AH00354: Child: Starting 150 worker threads.
[Wed Jan 03 19:56:40.572584 2018] [php7:crit] [pid 11168:tid 1916] [client ::1:60314] PHP Parse error:  syntax error, unexpected 'if' (T_IF) in C:\\xampp\\htdocs\\php\\login.php on line 54, referer: http://localhost/
[Wed Jan 03 19:58:11.786655 2018] [php7:crit] [pid 11168:tid 1924] [client ::1:60452] PHP Parse error:  syntax error, unexpected '}', expecting ';' in C:\\xampp\\htdocs\\php\\login.php on line 62, referer: http://localhost/
[Wed Jan 03 20:10:30.351239 2018] [php7:notice] [pid 11168:tid 1924] [client ::1:61468] PHP Notice:  Array to string conversion in C:\\xampp\\htdocs\\php\\login.php on line 77, referer: http://localhost/
[Wed Jan 03 20:13:26.296468 2018] [php7:notice] [pid 11168:tid 1916] [client ::1:61719] PHP Notice:  Undefined index: password in C:\\xampp\\htdocs\\php\\login.php on line 54, referer: http://localhost/
[Wed Jan 03 20:13:37.941776 2018] [php7:notice] [pid 11168:tid 1916] [client ::1:61735] PHP Notice:  Undefined index: password in C:\\xampp\\htdocs\\php\\login.php on line 54, referer: http://localhost/
[Wed Jan 03 20:14:02.217452 2018] [php7:notice] [pid 11168:tid 1932] [client ::1:61761] PHP Notice:  Undefined index: password in C:\\xampp\\htdocs\\php\\login.php on line 54, referer: http://localhost/
[Wed Jan 03 20:16:35.766677 2018] [php7:warn] [pid 11168:tid 1940] [client ::1:62008] PHP Warning:  session_regenerate_id(): Cannot regenerate session id - session is not active in C:\\xampp\\htdocs\\php\\login.php on line 22, referer: http://localhost/
[Wed Jan 03 20:16:56.706436 2018] [php7:warn] [pid 11168:tid 1940] [client ::1:62040] PHP Warning:  session_regenerate_id(): Cannot regenerate session id - session is not active in C:\\xampp\\htdocs\\php\\login.php on line 22, referer: http://localhost/
[Wed Jan 03 20:19:24.717694 2018] [php7:notice] [pid 11168:tid 1940] [client ::1:62253] PHP Notice:  Undefined variable: sql in C:\\xampp\\htdocs\\php\\login.php on line 62, referer: http://localhost/
[Wed Jan 03 20:19:24.717694 2018] [php7:warn] [pid 11168:tid 1940] [client ::1:62253] PHP Warning:  mysqli::query(): Empty query in C:\\xampp\\htdocs\\php\\login.php on line 62, referer: http://localhost/
[Wed Jan 03 20:19:24.718695 2018] [php7:notice] [pid 11168:tid 1940] [client ::1:62253] PHP Notice:  Undefined variable: sql in C:\\xampp\\htdocs\\php\\login.php on line 65, referer: http://localhost/
[Wed Jan 03 20:19:24.718695 2018] [php7:warn] [pid 11168:tid 1940] [client ::1:62253] PHP Warning:  session_regenerate_id(): Cannot regenerate session id - session is not active in C:\\xampp\\htdocs\\php\\login.php on line 22, referer: http://localhost/
[Wed Jan 03 20:19:50.402141 2018] [php7:notice] [pid 11168:tid 1904] [client ::1:62282] PHP Notice:  Undefined variable: sql in C:\\xampp\\htdocs\\php\\login.php on line 62, referer: http://localhost/
[Wed Jan 03 20:19:50.403145 2018] [php7:warn] [pid 11168:tid 1904] [client ::1:62282] PHP Warning:  mysqli::query(): Empty query in C:\\xampp\\htdocs\\php\\login.php on line 62, referer: http://localhost/
[Wed Jan 03 20:19:50.403145 2018] [php7:notice] [pid 11168:tid 1904] [client ::1:62282] PHP Notice:  Undefined variable: sql in C:\\xampp\\htdocs\\php\\login.php on line 65, referer: http://localhost/
[Wed Jan 03 20:19:50.403145 2018] [php7:warn] [pid 11168:tid 1904] [client ::1:62282] PHP Warning:  session_regenerate_id(): Cannot regenerate session id - session is not active in C:\\xampp\\htdocs\\php\\login.php on line 22, referer: http://localhost/
[Wed Jan 03 20:21:07.603283 2018] [php7:notice] [pid 11168:tid 1948] [client ::1:62397] PHP Notice:  Undefined variable: sql in C:\\xampp\\htdocs\\php\\login.php on line 62, referer: http://localhost/
[Wed Jan 03 20:21:07.603283 2018] [php7:warn] [pid 11168:tid 1948] [client ::1:62397] PHP Warning:  mysqli::query(): Empty query in C:\\xampp\\htdocs\\php\\login.php on line 62, referer: http://localhost/
[Wed Jan 03 20:21:07.603283 2018] [php7:notice] [pid 11168:tid 1948] [client ::1:62397] PHP Notice:  Undefined variable: sql in C:\\xampp\\htdocs\\php\\login.php on line 65, referer: http://localhost/
[Wed Jan 03 20:21:19.863724 2018] [php7:notice] [pid 11168:tid 1948] [client ::1:62417] PHP Notice:  Undefined variable: sql in C:\\xampp\\htdocs\\php\\login.php on line 62, referer: http://localhost/
[Wed Jan 03 20:21:19.863724 2018] [php7:warn] [pid 11168:tid 1948] [client ::1:62417] PHP Warning:  mysqli::query(): Empty query in C:\\xampp\\htdocs\\php\\login.php on line 62, referer: http://localhost/
[Wed Jan 03 20:21:19.864727 2018] [php7:notice] [pid 11168:tid 1948] [client ::1:62417] PHP Notice:  Undefined variable: sql in C:\\xampp\\htdocs\\php\\login.php on line 65, referer: http://localhost/
[Wed Jan 03 20:22:02.957432 2018] [php7:warn] [pid 11168:tid 1948] [client ::1:62470] PHP Warning:  session_regenerate_id(): Cannot regenerate session id - session is not active in C:\\xampp\\htdocs\\php\\login.php on line 22, referer: http://localhost/
[Wed Jan 03 20:23:01.560123 2018] [php7:warn] [pid 11168:tid 1948] [client ::1:62561] PHP Warning:  session_regenerate_id(): Cannot regenerate session id - session is not active in C:\\xampp\\htdocs\\php\\login.php on line 22, referer: http://localhost/
[Wed Jan 03 20:23:52.484714 2018] [php7:warn] [pid 11168:tid 1948] [client ::1:62634] PHP Warning:  session_regenerate_id(): Cannot regenerate session id - session is not active in C:\\xampp\\htdocs\\php\\login.php on line 22, referer: http://localhost/
[Wed Jan 03 20:34:49.633407 2018] [php7:warn] [pid 11168:tid 1948] [client ::1:63535] PHP Warning:  session_regenerate_id(): Cannot regenerate session id - session is not active in C:\\xampp\\htdocs\\php\\login.php on line 22, referer: http://localhost/
[Wed Jan 03 20:34:57.374820 2018] [php7:warn] [pid 11168:tid 1948] [client ::1:63547] PHP Warning:  session_regenerate_id(): Cannot regenerate session id - session is not active in C:\\xampp\\htdocs\\php\\login.php on line 22, referer: http://localhost/
[Wed Jan 03 20:35:27.732551 2018] [php7:warn] [pid 11168:tid 1948] [client ::1:63589] PHP Warning:  session_regenerate_id(): Cannot regenerate session id - session is not active in C:\\xampp\\htdocs\\php\\login.php on line 22, referer: http://localhost/
[Wed Jan 03 20:48:40.547361 2018] [php7:notice] [pid 11168:tid 1948] [client ::1:64678] PHP Notice:  Undefined variable: isset in C:\\xampp\\htdocs\\php\\login.php on line 24, referer: http://localhost/
[Wed Jan 03 20:48:40.547361 2018] [php7:error] [pid 11168:tid 1948] [client ::1:64678] PHP Fatal error:  Uncaught Error: Function name must be a string in C:\\xampp\\htdocs\\php\\login.php:24\nStack trace:\n#0 C:\\xampp\\htdocs\\php\\login.php(73): procesaFormulario(Array)\n#1 {main}\n  thrown in C:\\xampp\\htdocs\\php\\login.php on line 24, referer: http://localhost/
[Wed Jan 03 21:17:08.521554 2018] [php7:crit] [pid 11168:tid 1904] [client ::1:50694] PHP Parse error:  syntax error, unexpected 'else' (T_ELSE), expecting end of file in C:\\xampp\\htdocs\\index.php on line 97
[Wed Jan 03 21:17:26.462265 2018] [php7:crit] [pid 11168:tid 1916] [client ::1:50724] PHP Parse error:  syntax error, unexpected 'else' (T_ELSE), expecting end of file in C:\\xampp\\htdocs\\index.php on line 97
[Wed Jan 03 21:17:26.924686 2018] [php7:crit] [pid 11168:tid 1916] [client ::1:50724] PHP Parse error:  syntax error, unexpected 'else' (T_ELSE), expecting end of file in C:\\xampp\\htdocs\\index.php on line 97
[Wed Jan 03 21:17:27.162231 2018] [php7:crit] [pid 11168:tid 1916] [client ::1:50724] PHP Parse error:  syntax error, unexpected 'else' (T_ELSE), expecting end of file in C:\\xampp\\htdocs\\index.php on line 97
[Wed Jan 03 21:17:27.384567 2018] [php7:crit] [pid 11168:tid 1916] [client ::1:50724] PHP Parse error:  syntax error, unexpected 'else' (T_ELSE), expecting end of file in C:\\xampp\\htdocs\\index.php on line 97
[Wed Jan 03 21:17:27.663655 2018] [php7:crit] [pid 11168:tid 1916] [client ::1:50724] PHP Parse error:  syntax error, unexpected 'else' (T_ELSE), expecting end of file in C:\\xampp\\htdocs\\index.php on line 97
[Wed Jan 03 21:17:29.164506 2018] [php7:crit] [pid 11168:tid 1916] [client ::1:50724] PHP Parse error:  syntax error, unexpected 'else' (T_ELSE), expecting end of file in C:\\xampp\\htdocs\\index.php on line 97
[Wed Jan 03 21:25:20.597411 2018] [php7:crit] [pid 11168:tid 1904] [client ::1:51013] PHP Parse error:  syntax error, unexpected 'cerrarSesion' (T_STRING), expecting ',' or ';' in C:\\xampp\\htdocs\\index.php on line 94
[Wed Jan 03 21:25:59.996998 2018] [php7:crit] [pid 11168:tid 1940] [client ::1:51028] PHP Parse error:  syntax error, unexpected 'echo' (T_ECHO) in C:\\xampp\\htdocs\\index.php on line 94
[Wed Jan 03 21:26:08.603397 2018] [php7:crit] [pid 11168:tid 1924] [client ::1:51029] PHP Parse error:  syntax error, unexpected 'cerrarSesion' (T_STRING), expecting ',' or ';' in C:\\xampp\\htdocs\\index.php on line 94
[Wed Jan 03 21:26:57.409996 2018] [php7:crit] [pid 11168:tid 1916] [client ::1:51037] PHP Parse error:  syntax error, unexpected '<<' (T_SL) in C:\\xampp\\htdocs\\index.php on line 94
[Wed Jan 03 21:27:30.290559 2018] [php7:crit] [pid 11168:tid 1916] [client ::1:51039] PHP Parse error:  syntax error, unexpected 'echo' (T_ECHO) in C:\\xampp\\htdocs\\index.php on line 97
[Wed Jan 03 21:27:30.970592 2018] [php7:crit] [pid 11168:tid 1916] [client ::1:51039] PHP Parse error:  syntax error, unexpected 'echo' (T_ECHO) in C:\\xampp\\htdocs\\index.php on line 97
[Wed Jan 03 21:27:31.177343 2018] [php7:crit] [pid 11168:tid 1916] [client ::1:51039] PHP Parse error:  syntax error, unexpected 'echo' (T_ECHO) in C:\\xampp\\htdocs\\index.php on line 97
[Wed Jan 03 21:27:31.374298 2018] [php7:crit] [pid 11168:tid 1916] [client ::1:51039] PHP Parse error:  syntax error, unexpected 'echo' (T_ECHO) in C:\\xampp\\htdocs\\index.php on line 97
[Wed Jan 03 21:27:31.556654 2018] [php7:crit] [pid 11168:tid 1916] [client ::1:51039] PHP Parse error:  syntax error, unexpected 'echo' (T_ECHO) in C:\\xampp\\htdocs\\index.php on line 97
[Wed Jan 03 21:32:43.217321 2018] [php7:crit] [pid 11168:tid 1916] [client ::1:51126] PHP Parse error:  syntax error, unexpected '}', expecting elseif (T_ELSEIF) or else (T_ELSE) or endif (T_ENDIF) in C:\\xampp\\htdocs\\index.php on line 96
[Wed Jan 03 21:34:01.974066 2018] [php7:crit] [pid 11168:tid 1940] [client ::1:51130] PHP Parse error:  syntax error, unexpected '}', expecting end of file in C:\\xampp\\htdocs\\index.php on line 98
[Wed Jan 03 23:47:32.562785 2018] [ssl:warn] [pid 10436:tid 672] AH01909: www.example.com:443:0 server certificate does NOT include an ID which matches the server name
[Wed Jan 03 23:47:32.687791 2018] [core:warn] [pid 10436:tid 672] AH00098: pid file C:/xampp/apache/logs/httpd.pid overwritten -- Unclean shutdown of previous Apache run?
[Wed Jan 03 23:47:32.703419 2018] [ssl:warn] [pid 10436:tid 672] AH01909: www.example.com:443:0 server certificate does NOT include an ID which matches the server name
[Wed Jan 03 23:47:33.459788 2018] [mpm_winnt:notice] [pid 10436:tid 672] AH00455: Apache/2.4.29 (Win32) OpenSSL/1.1.0g PHP/7.2.0 configured -- resuming normal operations
[Wed Jan 03 23:47:33.459788 2018] [mpm_winnt:notice] [pid 10436:tid 672] AH00456: Apache Lounge VC15 Server built: Nov  3 2017 10:30:36
[Wed Jan 03 23:47:33.459788 2018] [core:notice] [pid 10436:tid 672] AH00094: Command line: 'c:\\xampp\\apache\\bin\\httpd.exe -d C:/xampp/apache'
[Wed Jan 03 23:47:33.475411 2018] [mpm_winnt:notice] [pid 10436:tid 672] AH00418: Parent: Created child process 4044
[Wed Jan 03 23:47:35.522400 2018] [ssl:warn] [pid 4044:tid 684] AH01909: www.example.com:443:0 server certificate does NOT include an ID which matches the server name
[Wed Jan 03 23:47:35.663033 2018] [ssl:warn] [pid 4044:tid 684] AH01909: www.example.com:443:0 server certificate does NOT include an ID which matches the server name
[Wed Jan 03 23:47:35.737106 2018] [mpm_winnt:notice] [pid 4044:tid 684] AH00354: Child: Starting 150 worker threads.
[Wed Jan 03 23:59:40.224912 2018] [php7:warn] [pid 4044:tid 1920] [client ::1:52282] PHP Warning:  session_regenerate_id(): Cannot regenerate session id - session is not active in C:\\xampp\\htdocs\\php\\login.php on line 24, referer: http://localhost/
[Thu Jan 04 00:00:37.177675 2018] [php7:warn] [pid 4044:tid 1920] [client ::1:52354] PHP Warning:  session_regenerate_id(): Cannot regenerate session id - session is not active in C:\\xampp\\htdocs\\php\\login.php on line 24, referer: http://localhost/
[Thu Jan 04 00:01:19.820505 2018] [php7:warn] [pid 4044:tid 1920] [client ::1:52423] PHP Warning:  session_regenerate_id(): Cannot regenerate session id - session is not active in C:\\xampp\\htdocs\\php\\login.php on line 24, referer: http://localhost/
[Thu Jan 04 00:02:07.072120 2018] [php7:crit] [pid 4044:tid 1920] [client ::1:52496] PHP Parse error:  syntax error, unexpected 'public' (T_PUBLIC), expecting end of file in C:\\xampp\\htdocs\\php\\logout.php on line 2, referer: http://localhost/
[Thu Jan 04 00:03:01.221499 2018] [php7:crit] [pid 4044:tid 1920] [client ::1:52567] PHP Parse error:  syntax error, unexpected 'public' (T_PUBLIC), expecting end of file in C:\\xampp\\htdocs\\php\\logout.php on line 2, referer: http://localhost/
[Thu Jan 04 00:03:06.667125 2018] [php7:crit] [pid 4044:tid 1920] [client ::1:52581] PHP Parse error:  syntax error, unexpected 'public' (T_PUBLIC), expecting end of file in C:\\xampp\\htdocs\\php\\logout.php on line 2, referer: http://localhost/
[Thu Jan 04 00:03:53.781186 2018] [php7:notice] [pid 4044:tid 1920] [client ::1:52646] PHP Notice:  Undefined variable: _SESSION in C:\\xampp\\htdocs\\php\\logout.php on line 4, referer: http://localhost/
[Thu Jan 04 00:03:53.781186 2018] [php7:notice] [pid 4044:tid 1920] [client ::1:52646] PHP Notice:  Undefined variable: _SESSION in C:\\xampp\\htdocs\\php\\logout.php on line 5, referer: http://localhost/
[Thu Jan 04 00:03:53.781186 2018] [php7:warn] [pid 4044:tid 1920] [client ::1:52646] PHP Warning:  session_destroy(): Trying to destroy uninitialized session in C:\\xampp\\htdocs\\php\\logout.php on line 7, referer: http://localhost/
[Thu Jan 04 00:04:20.821195 2018] [php7:notice] [pid 4044:tid 1900] [client ::1:52684] PHP Notice:  Undefined variable: _SESSION in C:\\xampp\\htdocs\\php\\logout.php on line 4, referer: http://localhost/
[Thu Jan 04 00:04:20.821195 2018] [php7:notice] [pid 4044:tid 1900] [client ::1:52684] PHP Notice:  Undefined variable: _SESSION in C:\\xampp\\htdocs\\php\\logout.php on line 5, referer: http://localhost/
[Thu Jan 04 00:04:20.821195 2018] [php7:warn] [pid 4044:tid 1900] [client ::1:52684] PHP Warning:  session_destroy(): Trying to destroy uninitialized session in C:\\xampp\\htdocs\\php\\logout.php on line 7, referer: http://localhost/
[Thu Jan 04 00:05:32.042828 2018] [php7:notice] [pid 4044:tid 1900] [client ::1:52787] PHP Notice:  Undefined variable: _SESSION in C:\\xampp\\htdocs\\php\\logout.php on line 4, referer: http://localhost/
[Thu Jan 04 00:05:32.046830 2018] [php7:notice] [pid 4044:tid 1900] [client ::1:52787] PHP Notice:  Undefined variable: _SESSION in C:\\xampp\\htdocs\\php\\logout.php on line 5, referer: http://localhost/
[Thu Jan 04 00:05:32.046830 2018] [php7:warn] [pid 4044:tid 1900] [client ::1:52787] PHP Warning:  session_destroy(): Trying to destroy uninitialized session in C:\\xampp\\htdocs\\php\\logout.php on line 7, referer: http://localhost/
[Thu Jan 04 00:06:10.354072 2018] [php7:notice] [pid 4044:tid 1900] [client ::1:52840] PHP Notice:  Undefined variable: _SESSION in C:\\xampp\\htdocs\\php\\logout.php on line 4, referer: http://localhost/
[Thu Jan 04 00:06:10.354072 2018] [php7:notice] [pid 4044:tid 1900] [client ::1:52840] PHP Notice:  Undefined variable: _SESSION in C:\\xampp\\htdocs\\php\\logout.php on line 5, referer: http://localhost/
[Thu Jan 04 00:06:10.354072 2018] [php7:warn] [pid 4044:tid 1900] [client ::1:52840] PHP Warning:  session_destroy(): Trying to destroy uninitialized session in C:\\xampp\\htdocs\\php\\logout.php on line 7, referer: http://localhost/
[Thu Jan 04 08:36:59.832749 2018] [ssl:warn] [pid 5100:tid 708] AH01909: www.example.com:443:0 server certificate does NOT include an ID which matches the server name
[Thu Jan 04 08:36:59.870512 2018] [core:warn] [pid 5100:tid 708] AH00098: pid file C:/xampp/apache/logs/httpd.pid overwritten -- Unclean shutdown of previous Apache run?
[Thu Jan 04 08:36:59.886138 2018] [ssl:warn] [pid 5100:tid 708] AH01909: www.example.com:443:0 server certificate does NOT include an ID which matches the server name
[Thu Jan 04 08:37:00.155237 2018] [mpm_winnt:notice] [pid 5100:tid 708] AH00455: Apache/2.4.29 (Win32) OpenSSL/1.1.0g PHP/7.2.0 configured -- resuming normal operations
[Thu Jan 04 08:37:00.155237 2018] [mpm_winnt:notice] [pid 5100:tid 708] AH00456: Apache Lounge VC15 Server built: Nov  3 2017 10:30:36
[Thu Jan 04 08:37:00.155237 2018] [core:notice] [pid 5100:tid 708] AH00094: Command line: 'c:\\xampp\\apache\\bin\\httpd.exe -d C:/xampp/apache'
[Thu Jan 04 08:37:00.155237 2018] [mpm_winnt:notice] [pid 5100:tid 708] AH00418: Parent: Created child process 11048
[Thu Jan 04 08:37:00.605911 2018] [ssl:warn] [pid 11048:tid 716] AH01909: www.example.com:443:0 server certificate does NOT include an ID which matches the server name
[Thu Jan 04 08:37:00.637162 2018] [ssl:warn] [pid 11048:tid 716] AH01909: www.example.com:443:0 server certificate does NOT include an ID which matches the server name
[Thu Jan 04 08:37:00.668415 2018] [mpm_winnt:notice] [pid 11048:tid 716] AH00354: Child: Starting 150 worker threads.
[Thu Jan 04 10:14:45.975005 2018] [php7:warn] [pid 11048:tid 1932] [client ::1:55226] PHP Warning:  include(php/visualizarProductos.php): failed to open stream: No such file or directory in C:\\xampp\\htdocs\\index.php on line 204, referer: http://localhost/
[Thu Jan 04 10:14:45.976005 2018] [php7:warn] [pid 11048:tid 1932] [client ::1:55226] PHP Warning:  include(): Failed opening 'php/visualizarProductos.php' for inclusion (include_path='C:\\xampp\\php\\PEAR') in C:\\xampp\\htdocs\\index.php on line 204, referer: http://localhost/
[Thu Jan 04 10:33:24.063204 2018] [php7:crit] [pid 11048:tid 1912] [client ::1:55491] PHP Parse error:  syntax error, unexpected 'row' (T_STRING) in C:\\xampp\\htdocs\\php\\visualizaProductos.php on line 28, referer: http://localhost/
[Thu Jan 04 10:33:41.787380 2018] [php7:crit] [pid 11048:tid 1932] [client ::1:55496] PHP Parse error:  syntax error, unexpected 'row' (T_STRING) in C:\\xampp\\htdocs\\php\\visualizaProductos.php on line 28, referer: http://localhost/
[Thu Jan 04 10:33:42.496766 2018] [php7:crit] [pid 11048:tid 1932] [client ::1:55496] PHP Parse error:  syntax error, unexpected 'row' (T_STRING) in C:\\xampp\\htdocs\\php\\visualizaProductos.php on line 28, referer: http://localhost/
[Thu Jan 04 10:33:42.749706 2018] [php7:crit] [pid 11048:tid 1932] [client ::1:55496] PHP Parse error:  syntax error, unexpected 'row' (T_STRING) in C:\\xampp\\htdocs\\php\\visualizaProductos.php on line 28, referer: http://localhost/
[Thu Jan 04 10:33:43.023104 2018] [php7:crit] [pid 11048:tid 1932] [client ::1:55496] PHP Parse error:  syntax error, unexpected 'row' (T_STRING) in C:\\xampp\\htdocs\\php\\visualizaProductos.php on line 28, referer: http://localhost/
[Thu Jan 04 10:33:43.280852 2018] [php7:crit] [pid 11048:tid 1932] [client ::1:55496] PHP Parse error:  syntax error, unexpected 'row' (T_STRING) in C:\\xampp\\htdocs\\php\\visualizaProductos.php on line 28, referer: http://localhost/
[Thu Jan 04 10:33:43.523354 2018] [php7:crit] [pid 11048:tid 1932] [client ::1:55496] PHP Parse error:  syntax error, unexpected 'row' (T_STRING) in C:\\xampp\\htdocs\\php\\visualizaProductos.php on line 28, referer: http://localhost/
[Thu Jan 04 10:33:43.768467 2018] [php7:crit] [pid 11048:tid 1932] [client ::1:55496] PHP Parse error:  syntax error, unexpected 'row' (T_STRING) in C:\\xampp\\htdocs\\php\\visualizaProductos.php on line 28, referer: http://localhost/
[Thu Jan 04 10:35:41.799732 2018] [php7:crit] [pid 11048:tid 1912] [client ::1:55503] PHP Parse error:  syntax error, unexpected 'row' (T_STRING) in C:\\xampp\\htdocs\\php\\visualizaProductos.php on line 31, referer: http://localhost/
[Thu Jan 04 10:35:42.646455 2018] [php7:crit] [pid 11048:tid 1912] [client ::1:55503] PHP Parse error:  syntax error, unexpected 'row' (T_STRING) in C:\\xampp\\htdocs\\php\\visualizaProductos.php on line 31, referer: http://localhost/
[Thu Jan 04 10:35:42.859417 2018] [php7:crit] [pid 11048:tid 1912] [client ::1:55503] PHP Parse error:  syntax error, unexpected 'row' (T_STRING) in C:\\xampp\\htdocs\\php\\visualizaProductos.php on line 31, referer: http://localhost/
[Thu Jan 04 10:35:43.061079 2018] [php7:crit] [pid 11048:tid 1912] [client ::1:55503] PHP Parse error:  syntax error, unexpected 'row' (T_STRING) in C:\\xampp\\htdocs\\php\\visualizaProductos.php on line 31, referer: http://localhost/
[Thu Jan 04 10:35:43.252905 2018] [php7:crit] [pid 11048:tid 1912] [client ::1:55503] PHP Parse error:  syntax error, unexpected 'row' (T_STRING) in C:\\xampp\\htdocs\\php\\visualizaProductos.php on line 31, referer: http://localhost/
[Thu Jan 04 10:35:43.455968 2018] [php7:crit] [pid 11048:tid 1912] [client ::1:55503] PHP Parse error:  syntax error, unexpected 'row' (T_STRING) in C:\\xampp\\htdocs\\php\\visualizaProductos.php on line 31, referer: http://localhost/
[Thu Jan 04 10:36:11.984913 2018] [php7:crit] [pid 11048:tid 1932] [client ::1:55508] PHP Parse error:  syntax error, unexpected '"</div>"' (T_CONSTANT_ENCAPSED_STRING) in C:\\xampp\\htdocs\\php\\visualizaProductos.php on line 57, referer: http://localhost/
[Thu Jan 04 12:48:07.091252 2018] [php7:crit] [pid 11048:tid 1936] [client ::1:59527] PHP Parse error:  syntax error, unexpected '$conn' (T_VARIABLE) in C:\\xampp\\htdocs\\php\\visualizaCarrito.php on line 9, referer: http://localhost/
[Thu Jan 04 15:16:14.412433 2018] [php7:error] [pid 11048:tid 1936] [client ::1:61873] PHP Fatal error:  Uncaught Error: Call to a member function free() on boolean in C:\\xampp\\htdocs\\php\\visualizaCarrito.php:37\nStack trace:\n#0 C:\\xampp\\htdocs\\carro.php(162): include()\n#1 {main}\n  thrown in C:\\xampp\\htdocs\\php\\visualizaCarrito.php on line 37, referer: http://localhost/
[Thu Jan 04 15:17:24.198937 2018] [php7:error] [pid 11048:tid 1936] [client ::1:61971] PHP Fatal error:  Uncaught Error: Call to a member function free() on boolean in C:\\xampp\\htdocs\\php\\visualizaCarrito.php:38\nStack trace:\n#0 C:\\xampp\\htdocs\\carro.php(162): include()\n#1 {main}\n  thrown in C:\\xampp\\htdocs\\php\\visualizaCarrito.php on line 38, referer: http://localhost/
[Thu Jan 04 15:17:24.773557 2018] [php7:error] [pid 11048:tid 1936] [client ::1:61971] PHP Fatal error:  Uncaught Error: Call to a member function free() on boolean in C:\\xampp\\htdocs\\php\\visualizaCarrito.php:38\nStack trace:\n#0 C:\\xampp\\htdocs\\carro.php(162): include()\n#1 {main}\n  thrown in C:\\xampp\\htdocs\\php\\visualizaCarrito.php on line 38, referer: http://localhost/
[Thu Jan 04 15:17:25.040986 2018] [php7:error] [pid 11048:tid 1936] [client ::1:61971] PHP Fatal error:  Uncaught Error: Call to a member function free() on boolean in C:\\xampp\\htdocs\\php\\visualizaCarrito.php:38\nStack trace:\n#0 C:\\xampp\\htdocs\\carro.php(162): include()\n#1 {main}\n  thrown in C:\\xampp\\htdocs\\php\\visualizaCarrito.php on line 38, referer: http://localhost/
[Thu Jan 04 15:17:25.244122 2018] [php7:error] [pid 11048:tid 1936] [client ::1:61971] PHP Fatal error:  Uncaught Error: Call to a member function free() on boolean in C:\\xampp\\htdocs\\php\\visualizaCarrito.php:38\nStack trace:\n#0 C:\\xampp\\htdocs\\carro.php(162): include()\n#1 {main}\n  thrown in C:\\xampp\\htdocs\\php\\visualizaCarrito.php on line 38, referer: http://localhost/
[Thu Jan 04 15:17:25.455642 2018] [php7:error] [pid 11048:tid 1936] [client ::1:61971] PHP Fatal error:  Uncaught Error: Call to a member function free() on boolean in C:\\xampp\\htdocs\\php\\visualizaCarrito.php:38\nStack trace:\n#0 C:\\xampp\\htdocs\\carro.php(162): include()\n#1 {main}\n  thrown in C:\\xampp\\htdocs\\php\\visualizaCarrito.php on line 38, referer: http://localhost/
[Thu Jan 04 15:17:25.680213 2018] [php7:error] [pid 11048:tid 1936] [client ::1:61971] PHP Fatal error:  Uncaught Error: Call to a member function free() on boolean in C:\\xampp\\htdocs\\php\\visualizaCarrito.php:38\nStack trace:\n#0 C:\\xampp\\htdocs\\carro.php(162): include()\n#1 {main}\n  thrown in C:\\xampp\\htdocs\\php\\visualizaCarrito.php on line 38, referer: http://localhost/
[Thu Jan 04 15:17:25.908093 2018] [php7:error] [pid 11048:tid 1936] [client ::1:61971] PHP Fatal error:  Uncaught Error: Call to a member function free() on boolean in C:\\xampp\\htdocs\\php\\visualizaCarrito.php:38\nStack trace:\n#0 C:\\xampp\\htdocs\\carro.php(162): include()\n#1 {main}\n  thrown in C:\\xampp\\htdocs\\php\\visualizaCarrito.php on line 38, referer: http://localhost/
[Thu Jan 04 15:17:26.104350 2018] [php7:error] [pid 11048:tid 1936] [client ::1:61971] PHP Fatal error:  Uncaught Error: Call to a member function free() on boolean in C:\\xampp\\htdocs\\php\\visualizaCarrito.php:38\nStack trace:\n#0 C:\\xampp\\htdocs\\carro.php(162): include()\n#1 {main}\n  thrown in C:\\xampp\\htdocs\\php\\visualizaCarrito.php on line 38, referer: http://localhost/
[Thu Jan 04 15:17:57.644486 2018] [php7:notice] [pid 11048:tid 1936] [client ::1:62024] PHP Notice:  session_start(): A session had already been started - ignoring in C:\\xampp\\htdocs\\php\\visualizaCarrito.php on line 2, referer: http://localhost/
[Thu Jan 04 15:17:57.647487 2018] [php7:error] [pid 11048:tid 1936] [client ::1:62024] PHP Fatal error:  Uncaught Error: Call to a member function free() on boolean in C:\\xampp\\htdocs\\php\\visualizaCarrito.php:39\nStack trace:\n#0 C:\\xampp\\htdocs\\carro.php(162): include()\n#1 {main}\n  thrown in C:\\xampp\\htdocs\\php\\visualizaCarrito.php on line 39, referer: http://localhost/
[Thu Jan 04 15:18:41.027053 2018] [php7:notice] [pid 11048:tid 1936] [client ::1:62087] PHP Notice:  Undefined index: imagen in C:\\xampp\\htdocs\\php\\visualizaCarrito.php on line 26, referer: http://localhost/
[Thu Jan 04 15:18:41.027053 2018] [php7:notice] [pid 11048:tid 1936] [client ::1:62087] PHP Notice:  Undefined index: nick in C:\\xampp\\htdocs\\php\\visualizaCarrito.php on line 27, referer: http://localhost/
[Thu Jan 04 15:18:41.028053 2018] [php7:notice] [pid 11048:tid 1936] [client ::1:62087] PHP Notice:  Undefined index: producto in C:\\xampp\\htdocs\\php\\visualizaCarrito.php on line 27, referer: http://localhost/
[Thu Jan 04 15:18:41.028053 2018] [php7:notice] [pid 11048:tid 1936] [client ::1:62087] PHP Notice:  Undefined index: imagen in C:\\xampp\\htdocs\\php\\visualizaCarrito.php on line 26, referer: http://localhost/
[Thu Jan 04 15:18:41.028053 2018] [php7:notice] [pid 11048:tid 1936] [client ::1:62087] PHP Notice:  Undefined index: nick in C:\\xampp\\htdocs\\php\\visualizaCarrito.php on line 27, referer: http://localhost/
[Thu Jan 04 15:18:41.028053 2018] [php7:notice] [pid 11048:tid 1936] [client ::1:62087] PHP Notice:  Undefined index: producto in C:\\xampp\\htdocs\\php\\visualizaCarrito.php on line 27, referer: http://localhost/
[Thu Jan 04 15:18:41.028053 2018] [php7:notice] [pid 11048:tid 1936] [client ::1:62087] PHP Notice:  Undefined index: imagen in C:\\xampp\\htdocs\\php\\visualizaCarrito.php on line 26, referer: http://localhost/
[Thu Jan 04 15:18:41.028053 2018] [php7:notice] [pid 11048:tid 1936] [client ::1:62087] PHP Notice:  Undefined index: nick in C:\\xampp\\htdocs\\php\\visualizaCarrito.php on line 27, referer: http://localhost/
[Thu Jan 04 15:18:41.028053 2018] [php7:notice] [pid 11048:tid 1936] [client ::1:62087] PHP Notice:  Undefined index: producto in C:\\xampp\\htdocs\\php\\visualizaCarrito.php on line 27, referer: http://localhost/
[Thu Jan 04 15:18:41.029053 2018] [php7:notice] [pid 11048:tid 1936] [client ::1:62087] PHP Notice:  Undefined index: imagen in C:\\xampp\\htdocs\\php\\visualizaCarrito.php on line 26, referer: http://localhost/
[Thu Jan 04 15:18:41.029053 2018] [php7:notice] [pid 11048:tid 1936] [client ::1:62087] PHP Notice:  Undefined index: nick in C:\\xampp\\htdocs\\php\\visualizaCarrito.php on line 27, referer: http://localhost/
[Thu Jan 04 15:18:41.029053 2018] [php7:notice] [pid 11048:tid 1936] [client ::1:62087] PHP Notice:  Undefined index: producto in C:\\xampp\\htdocs\\php\\visualizaCarrito.php on line 27, referer: http://localhost/
[Thu Jan 04 15:18:41.029053 2018] [php7:notice] [pid 11048:tid 1936] [client ::1:62087] PHP Notice:  Undefined index: imagen in C:\\xampp\\htdocs\\php\\visualizaCarrito.php on line 26, referer: http://localhost/
[Thu Jan 04 15:18:41.029053 2018] [php7:notice] [pid 11048:tid 1936] [client ::1:62087] PHP Notice:  Undefined index: nick in C:\\xampp\\htdocs\\php\\visualizaCarrito.php on line 27, referer: http://localhost/
[Thu Jan 04 15:18:41.029053 2018] [php7:notice] [pid 11048:tid 1936] [client ::1:62087] PHP Notice:  Undefined index: producto in C:\\xampp\\htdocs\\php\\visualizaCarrito.php on line 27, referer: http://localhost/
[Thu Jan 04 15:18:41.030054 2018] [php7:notice] [pid 11048:tid 1936] [client ::1:62087] PHP Notice:  Undefined index: imagen in C:\\xampp\\htdocs\\php\\visualizaCarrito.php on line 26, referer: http://localhost/
[Thu Jan 04 15:18:41.030054 2018] [php7:notice] [pid 11048:tid 1936] [client ::1:62087] PHP Notice:  Undefined index: nick in C:\\xampp\\htdocs\\php\\visualizaCarrito.php on line 27, referer: http://localhost/
[Thu Jan 04 15:18:41.030054 2018] [php7:notice] [pid 11048:tid 1936] [client ::1:62087] PHP Notice:  Undefined index: producto in C:\\xampp\\htdocs\\php\\visualizaCarrito.php on line 27, referer: http://localhost/
[Thu Jan 04 16:17:39.237295 2018] [php7:warn] [pid 11048:tid 1904] [client ::1:50593] PHP Warning:  include(php/visualizarCarrito.php): failed to open stream: No such file or directory in C:\\xampp\\htdocs\\carro.php on line 152
[Thu Jan 04 16:17:39.237796 2018] [php7:warn] [pid 11048:tid 1904] [client ::1:50593] PHP Warning:  include(): Failed opening 'php/visualizarCarrito.php' for inclusion (include_path='C:\\xampp\\php\\PEAR') in C:\\xampp\\htdocs\\carro.php on line 152
[Thu Jan 04 16:17:40.088391 2018] [php7:warn] [pid 11048:tid 1904] [client ::1:50593] PHP Warning:  include(php/visualizarCarrito.php): failed to open stream: No such file or directory in C:\\xampp\\htdocs\\carro.php on line 152
[Thu Jan 04 16:17:40.088880 2018] [php7:warn] [pid 11048:tid 1904] [client ::1:50593] PHP Warning:  include(): Failed opening 'php/visualizarCarrito.php' for inclusion (include_path='C:\\xampp\\php\\PEAR') in C:\\xampp\\htdocs\\carro.php on line 152
[Thu Jan 04 16:17:40.366214 2018] [php7:warn] [pid 11048:tid 1904] [client ::1:50593] PHP Warning:  include(php/visualizarCarrito.php): failed to open stream: No such file or directory in C:\\xampp\\htdocs\\carro.php on line 152
[Thu Jan 04 16:17:40.366214 2018] [php7:warn] [pid 11048:tid 1904] [client ::1:50593] PHP Warning:  include(): Failed opening 'php/visualizarCarrito.php' for inclusion (include_path='C:\\xampp\\php\\PEAR') in C:\\xampp\\htdocs\\carro.php on line 152
[Thu Jan 04 16:17:40.689629 2018] [php7:warn] [pid 11048:tid 1904] [client ::1:50593] PHP Warning:  include(php/visualizarCarrito.php): failed to open stream: No such file or directory in C:\\xampp\\htdocs\\carro.php on line 152
[Thu Jan 04 16:17:40.690128 2018] [php7:warn] [pid 11048:tid 1904] [client ::1:50593] PHP Warning:  include(): Failed opening 'php/visualizarCarrito.php' for inclusion (include_path='C:\\xampp\\php\\PEAR') in C:\\xampp\\htdocs\\carro.php on line 152
[Thu Jan 04 18:07:42.875319 2018] [ssl:warn] [pid 9404:tid 724] AH01909: www.example.com:443:0 server certificate does NOT include an ID which matches the server name
[Thu Jan 04 18:07:42.969073 2018] [core:warn] [pid 9404:tid 724] AH00098: pid file C:/xampp/apache/logs/httpd.pid overwritten -- Unclean shutdown of previous Apache run?
[Thu Jan 04 18:07:42.984699 2018] [ssl:warn] [pid 9404:tid 724] AH01909: www.example.com:443:0 server certificate does NOT include an ID which matches the server name
[Thu Jan 04 18:07:43.781617 2018] [mpm_winnt:notice] [pid 9404:tid 724] AH00455: Apache/2.4.29 (Win32) OpenSSL/1.1.0g PHP/7.2.0 configured -- resuming normal operations
[Thu Jan 04 18:07:43.781617 2018] [mpm_winnt:notice] [pid 9404:tid 724] AH00456: Apache Lounge VC15 Server built: Nov  3 2017 10:30:36
[Thu Jan 04 18:07:43.781617 2018] [core:notice] [pid 9404:tid 724] AH00094: Command line: 'c:\\xampp\\apache\\bin\\httpd.exe -d C:/xampp/apache'
[Thu Jan 04 18:07:43.781617 2018] [mpm_winnt:notice] [pid 9404:tid 724] AH00418: Parent: Created child process 13844
[Thu Jan 04 18:07:45.393840 2018] [ssl:warn] [pid 13844:tid 680] AH01909: www.example.com:443:0 server certificate does NOT include an ID which matches the server name
[Thu Jan 04 18:07:45.503223 2018] [ssl:warn] [pid 13844:tid 680] AH01909: www.example.com:443:0 server certificate does NOT include an ID which matches the server name
[Thu Jan 04 18:07:45.581353 2018] [mpm_winnt:notice] [pid 13844:tid 680] AH00354: Child: Starting 150 worker threads.
[Thu Jan 04 18:13:23.987818 2018] [php7:crit] [pid 13844:tid 1924] [client ::1:63317] PHP Parse error:  syntax error, unexpected '*', expecting '}' in C:\\xampp\\htdocs\\php\\visualizaCarrito.php on line 37, referer: http://localhost/
[Thu Jan 04 18:13:24.789840 2018] [php7:crit] [pid 13844:tid 1924] [client ::1:63317] PHP Parse error:  syntax error, unexpected '*', expecting '}' in C:\\xampp\\htdocs\\php\\visualizaCarrito.php on line 37, referer: http://localhost/
[Thu Jan 04 18:13:25.010319 2018] [php7:crit] [pid 13844:tid 1924] [client ::1:63317] PHP Parse error:  syntax error, unexpected '*', expecting '}' in C:\\xampp\\htdocs\\php\\visualizaCarrito.php on line 37, referer: http://localhost/
[Thu Jan 04 18:13:25.217423 2018] [php7:crit] [pid 13844:tid 1924] [client ::1:63317] PHP Parse error:  syntax error, unexpected '*', expecting '}' in C:\\xampp\\htdocs\\php\\visualizaCarrito.php on line 37, referer: http://localhost/
[Thu Jan 04 18:13:25.414855 2018] [php7:crit] [pid 13844:tid 1924] [client ::1:63317] PHP Parse error:  syntax error, unexpected '*', expecting '}' in C:\\xampp\\htdocs\\php\\visualizaCarrito.php on line 37, referer: http://localhost/
[Thu Jan 04 18:13:54.330741 2018] [php7:crit] [pid 13844:tid 1944] [client ::1:63324] PHP Parse error:  syntax error, unexpected '*', expecting :: (T_PAAMAYIM_NEKUDOTAYIM) in C:\\xampp\\htdocs\\php\\visualizaCarrito.php on line 37, referer: http://localhost/
[Thu Jan 04 18:15:39.194924 2018] [php7:notice] [pid 13844:tid 1944] [client ::1:63325] PHP Notice:  Undefined variable: preciototal in C:\\xampp\\htdocs\\php\\visualizaCarrito.php on line 37, referer: http://localhost/
[Thu Jan 04 18:15:39.194924 2018] [php7:notice] [pid 13844:tid 1944] [client ::1:63325] PHP Notice:  Undefined variable: preciototal in C:\\xampp\\htdocs\\php\\visualizaCarrito.php on line 37, referer: http://localhost/
[Thu Jan 04 18:42:55.670002 2018] [php7:notice] [pid 13844:tid 1912] [client ::1:58975] PHP Notice:  Undefined index: cantidad in C:\\xampp\\htdocs\\php\\visualizaProductos.php on line 47
[Thu Jan 04 18:42:55.670002 2018] [php7:notice] [pid 13844:tid 1912] [client ::1:58975] PHP Notice:  Undefined index: cantidad in C:\\xampp\\htdocs\\php\\visualizaProductos.php on line 47
[Thu Jan 04 18:42:55.670002 2018] [php7:notice] [pid 13844:tid 1912] [client ::1:58975] PHP Notice:  Undefined index: cantidad in C:\\xampp\\htdocs\\php\\visualizaProductos.php on line 47
[Thu Jan 04 18:42:55.670002 2018] [php7:notice] [pid 13844:tid 1912] [client ::1:58975] PHP Notice:  Undefined index: cantidad in C:\\xampp\\htdocs\\php\\visualizaProductos.php on line 47
[Thu Jan 04 18:42:55.671002 2018] [php7:notice] [pid 13844:tid 1912] [client ::1:58975] PHP Notice:  Undefined index: cantidad in C:\\xampp\\htdocs\\php\\visualizaProductos.php on line 47
[Thu Jan 04 18:42:55.671002 2018] [php7:notice] [pid 13844:tid 1912] [client ::1:58975] PHP Notice:  Undefined index: cantidad in C:\\xampp\\htdocs\\php\\visualizaProductos.php on line 47
[Thu Jan 04 18:54:19.452750 2018] [php7:crit] [pid 13844:tid 1912] [client ::1:59143] PHP Parse error:  syntax error, unexpected 'if' (T_IF) in C:\\xampp\\htdocs\\php\\visualizaProductos.php on line 31
[Thu Jan 04 18:54:40.807339 2018] [php7:crit] [pid 13844:tid 1932] [client ::1:59149] PHP Parse error:  syntax error, unexpected 'if' (T_IF) in C:\\xampp\\htdocs\\php\\visualizaProductos.php on line 31
[Thu Jan 04 18:55:44.436986 2018] [php7:crit] [pid 13844:tid 1924] [client ::1:59156] PHP Parse error:  syntax error, unexpected 'if' (T_IF) in C:\\xampp\\htdocs\\php\\visualizaProductos.php on line 31
[Thu Jan 04 18:55:57.518246 2018] [php7:crit] [pid 13844:tid 1912] [client ::1:59159] PHP Parse error:  syntax error, unexpected '<<' (T_SL) in C:\\xampp\\htdocs\\php\\visualizaProductos.php on line 47
[Thu Jan 04 18:55:58.103299 2018] [php7:crit] [pid 13844:tid 1912] [client ::1:59159] PHP Parse error:  syntax error, unexpected '<<' (T_SL) in C:\\xampp\\htdocs\\php\\visualizaProductos.php on line 47
[Thu Jan 04 18:55:58.330129 2018] [php7:crit] [pid 13844:tid 1912] [client ::1:59159] PHP Parse error:  syntax error, unexpected '<<' (T_SL) in C:\\xampp\\htdocs\\php\\visualizaProductos.php on line 47
[Thu Jan 04 18:55:58.543696 2018] [php7:crit] [pid 13844:tid 1912] [client ::1:59159] PHP Parse error:  syntax error, unexpected '<<' (T_SL) in C:\\xampp\\htdocs\\php\\visualizaProductos.php on line 47
[Thu Jan 04 18:55:58.754272 2018] [php7:crit] [pid 13844:tid 1912] [client ::1:59159] PHP Parse error:  syntax error, unexpected '<<' (T_SL) in C:\\xampp\\htdocs\\php\\visualizaProductos.php on line 47
[Thu Jan 04 18:55:58.981571 2018] [php7:crit] [pid 13844:tid 1912] [client ::1:59159] PHP Parse error:  syntax error, unexpected '<<' (T_SL) in C:\\xampp\\htdocs\\php\\visualizaProductos.php on line 47
[Thu Jan 04 18:55:59.198680 2018] [php7:crit] [pid 13844:tid 1912] [client ::1:59159] PHP Parse error:  syntax error, unexpected '<<' (T_SL) in C:\\xampp\\htdocs\\php\\visualizaProductos.php on line 47
[Thu Jan 04 18:56:34.318791 2018] [php7:crit] [pid 13844:tid 1924] [client ::1:59163] PHP Parse error:  syntax error, unexpected '<<' (T_SL) in C:\\xampp\\htdocs\\php\\visualizaProductos.php on line 48
[Thu Jan 04 18:56:51.398404 2018] [php7:crit] [pid 13844:tid 1924] [client ::1:59167] PHP Parse error:  syntax error, unexpected '<<' (T_SL) in C:\\xampp\\htdocs\\php\\visualizaProductos.php on line 48
[Thu Jan 04 18:56:51.935471 2018] [php7:crit] [pid 13844:tid 1924] [client ::1:59167] PHP Parse error:  syntax error, unexpected '<<' (T_SL) in C:\\xampp\\htdocs\\php\\visualizaProductos.php on line 48
[Thu Jan 04 18:56:52.105534 2018] [php7:crit] [pid 13844:tid 1924] [client ::1:59167] PHP Parse error:  syntax error, unexpected '<<' (T_SL) in C:\\xampp\\htdocs\\php\\visualizaProductos.php on line 48
[Thu Jan 04 18:56:52.272344 2018] [php7:crit] [pid 13844:tid 1924] [client ::1:59167] PHP Parse error:  syntax error, unexpected '<<' (T_SL) in C:\\xampp\\htdocs\\php\\visualizaProductos.php on line 48
[Thu Jan 04 18:56:52.428776 2018] [php7:crit] [pid 13844:tid 1924] [client ::1:59167] PHP Parse error:  syntax error, unexpected '<<' (T_SL) in C:\\xampp\\htdocs\\php\\visualizaProductos.php on line 48
[Thu Jan 04 18:56:52.595619 2018] [php7:crit] [pid 13844:tid 1924] [client ::1:59167] PHP Parse error:  syntax error, unexpected '<<' (T_SL) in C:\\xampp\\htdocs\\php\\visualizaProductos.php on line 48
[Thu Jan 04 18:56:52.772641 2018] [php7:crit] [pid 13844:tid 1924] [client ::1:59167] PHP Parse error:  syntax error, unexpected '<<' (T_SL) in C:\\xampp\\htdocs\\php\\visualizaProductos.php on line 48
[Thu Jan 04 18:56:52.946676 2018] [php7:crit] [pid 13844:tid 1924] [client ::1:59167] PHP Parse error:  syntax error, unexpected '<<' (T_SL) in C:\\xampp\\htdocs\\php\\visualizaProductos.php on line 48
[Thu Jan 04 18:56:53.121066 2018] [php7:crit] [pid 13844:tid 1924] [client ::1:59167] PHP Parse error:  syntax error, unexpected '<<' (T_SL) in C:\\xampp\\htdocs\\php\\visualizaProductos.php on line 48
[Thu Jan 04 18:56:53.302914 2018] [php7:crit] [pid 13844:tid 1924] [client ::1:59167] PHP Parse error:  syntax error, unexpected '<<' (T_SL) in C:\\xampp\\htdocs\\php\\visualizaProductos.php on line 48
[Thu Jan 04 18:57:44.249342 2018] [php7:notice] [pid 13844:tid 1932] [client ::1:59172] PHP Notice:  session_start(): A session had already been started - ignoring in C:\\xampp\\htdocs\\php\\visualizaProductos.php on line 2
[Thu Jan 04 18:57:56.175673 2018] [php7:notice] [pid 13844:tid 1932] [client ::1:59174] PHP Notice:  session_start(): A session had already been started - ignoring in C:\\xampp\\htdocs\\php\\visualizaProductos.php on line 2
[Thu Jan 04 18:58:13.672222 2018] [php7:notice] [pid 13844:tid 1932] [client ::1:59176] PHP Notice:  session_start(): A session had already been started - ignoring in C:\\xampp\\htdocs\\php\\visualizaProductos.php on line 2, referer: http://localhost/
[Thu Jan 04 18:58:46.032585 2018] [php7:notice] [pid 13844:tid 1932] [client ::1:59178] PHP Notice:  session_start(): A session had already been started - ignoring in C:\\xampp\\htdocs\\php\\visualizaProductos.php on line 2, referer: http://localhost/
[Thu Jan 04 18:59:22.950826 2018] [php7:notice] [pid 13844:tid 1924] [client ::1:59185] PHP Notice:  session_start(): A session had already been started - ignoring in C:\\xampp\\htdocs\\php\\visualizaProductos.php on line 2, referer: http://localhost/
[Thu Jan 04 18:59:34.678522 2018] [php7:notice] [pid 13844:tid 1924] [client ::1:59187] PHP Notice:  session_start(): A session had already been started - ignoring in C:\\xampp\\htdocs\\php\\visualizaProductos.php on line 2, referer: http://localhost/
[Thu Jan 04 19:31:32.267892 2018] [php7:notice] [pid 13844:tid 1932] [client ::1:60995] PHP Notice:  Undefined index: cantidad in C:\\xampp\\htdocs\\php\\addToCarro.php on line 4, referer: http://localhost/
[Thu Jan 04 19:31:32.267892 2018] [php7:warn] [pid 13844:tid 1924] [client ::1:60994] PHP Warning:  session_regenerate_id(): Session object destruction failed.  ID: files (path: C:\\xampp\\tmp) in C:\\xampp\\htdocs\\php\\login.php on line 25, referer: http://localhost/
[Thu Jan 04 19:31:32.267892 2018] [php7:notice] [pid 13844:tid 1932] [client ::1:60995] PHP Notice:  Undefined index: nick in C:\\xampp\\htdocs\\php\\addToCarro.php on line 11, referer: http://localhost/
[Thu Jan 04 19:31:32.278904 2018] [php7:notice] [pid 13844:tid 1932] [client ::1:60995] PHP Notice:  Undefined variable: cantidad in C:\\xampp\\htdocs\\php\\addToCarro.php on line 20, referer: http://localhost/
[Thu Jan 04 19:31:45.322237 2018] [php7:notice] [pid 13844:tid 1932] [client ::1:61015] PHP Notice:  Undefined index: cantidad in C:\\xampp\\htdocs\\php\\addToCarro.php on line 4, referer: http://localhost/
[Thu Jan 04 19:31:45.322237 2018] [php7:notice] [pid 13844:tid 1932] [client ::1:61015] PHP Notice:  Undefined index: nick in C:\\xampp\\htdocs\\php\\addToCarro.php on line 11, referer: http://localhost/
[Thu Jan 04 19:31:45.324237 2018] [php7:notice] [pid 13844:tid 1932] [client ::1:61015] PHP Notice:  Undefined variable: cantidad in C:\\xampp\\htdocs\\php\\addToCarro.php on line 20, referer: http://localhost/
[Thu Jan 04 19:43:02.267653 2018] [php7:notice] [pid 13844:tid 1932] [client ::1:62009] PHP Notice:  Undefined variable: cantidad in C:\\xampp\\htdocs\\php\\addToCarro.php on line 20, referer: http://localhost/
[Thu Jan 04 19:43:24.878600 2018] [php7:notice] [pid 13844:tid 1932] [client ::1:62053] PHP Notice:  Undefined variable: cantidad in C:\\xampp\\htdocs\\php\\addToCarro.php on line 20, referer: http://localhost/
[Thu Jan 04 19:43:31.389499 2018] [php7:notice] [pid 13844:tid 1932] [client ::1:62053] PHP Notice:  Undefined variable: cantidad in C:\\xampp\\htdocs\\php\\addToCarro.php on line 20, referer: http://localhost/
[Thu Jan 04 19:43:49.519378 2018] [php7:notice] [pid 13844:tid 1924] [client ::1:62105] PHP Notice:  Undefined index: nick in C:\\xampp\\htdocs\\php\\visualizaCarrito.php on line 7, referer: http://localhost/carro.php
[Thu Jan 04 19:46:31.463798 2018] [php7:notice] [pid 13844:tid 1932] [client ::1:62380] PHP Notice:  Undefined variable: cantidad in C:\\xampp\\htdocs\\php\\addToCarro.php on line 20, referer: http://localhost/
[Fri Jan 05 08:29:38.939733 2018] [ssl:warn] [pid 13984:tid 648] AH01909: www.example.com:443:0 server certificate does NOT include an ID which matches the server name
[Fri Jan 05 08:29:38.970986 2018] [core:warn] [pid 13984:tid 648] AH00098: pid file C:/xampp/apache/logs/httpd.pid overwritten -- Unclean shutdown of previous Apache run?
[Fri Jan 05 08:29:38.986613 2018] [ssl:warn] [pid 13984:tid 648] AH01909: www.example.com:443:0 server certificate does NOT include an ID which matches the server name
[Fri Jan 05 08:29:39.244141 2018] [mpm_winnt:notice] [pid 13984:tid 648] AH00455: Apache/2.4.29 (Win32) OpenSSL/1.1.0g PHP/7.2.0 configured -- resuming normal operations
[Fri Jan 05 08:29:39.244141 2018] [mpm_winnt:notice] [pid 13984:tid 648] AH00456: Apache Lounge VC15 Server built: Nov  3 2017 10:30:36
[Fri Jan 05 08:29:39.244141 2018] [core:notice] [pid 13984:tid 648] AH00094: Command line: 'c:\\xampp\\apache\\bin\\httpd.exe -d C:/xampp/apache'
[Fri Jan 05 08:29:39.244141 2018] [mpm_winnt:notice] [pid 13984:tid 648] AH00418: Parent: Created child process 9244
[Fri Jan 05 08:29:39.714410 2018] [ssl:warn] [pid 9244:tid 740] AH01909: www.example.com:443:0 server certificate does NOT include an ID which matches the server name
[Fri Jan 05 08:29:39.745661 2018] [ssl:warn] [pid 9244:tid 740] AH01909: www.example.com:443:0 server certificate does NOT include an ID which matches the server name
[Fri Jan 05 08:29:39.776917 2018] [mpm_winnt:notice] [pid 9244:tid 740] AH00354: Child: Starting 150 worker threads.
[Fri Jan 05 09:28:18.165673 2018] [php7:crit] [pid 9244:tid 1920] [client ::1:53754] PHP Parse error:  syntax error, unexpected '<', expecting end of file in C:\\xampp\\htdocs\\includes\\header.php on line 2, referer: http://localhost/
[Fri Jan 05 09:29:36.229882 2018] [php7:crit] [pid 9244:tid 1948] [client ::1:53774] PHP Parse error:  syntax error, unexpected '<<' (T_SL) in C:\\xampp\\htdocs\\includes\\header.php on line 3, referer: http://localhost/
[Fri Jan 05 09:30:09.752589 2018] [php7:crit] [pid 9244:tid 1920] [client ::1:53776] PHP Parse error:  syntax error, unexpected '<<' (T_SL) in C:\\xampp\\htdocs\\includes\\header.php on line 3, referer: http://localhost/
[Fri Jan 05 09:30:10.209160 2018] [php7:crit] [pid 9244:tid 1920] [client ::1:53776] PHP Parse error:  syntax error, unexpected '<<' (T_SL) in C:\\xampp\\htdocs\\includes\\header.php on line 3, referer: http://localhost/
[Fri Jan 05 09:30:10.404572 2018] [php7:crit] [pid 9244:tid 1920] [client ::1:53776] PHP Parse error:  syntax error, unexpected '<<' (T_SL) in C:\\xampp\\htdocs\\includes\\header.php on line 3, referer: http://localhost/
[Fri Jan 05 09:30:10.616625 2018] [php7:crit] [pid 9244:tid 1920] [client ::1:53776] PHP Parse error:  syntax error, unexpected '<<' (T_SL) in C:\\xampp\\htdocs\\includes\\header.php on line 3, referer: http://localhost/
[Fri Jan 05 09:30:10.840196 2018] [php7:crit] [pid 9244:tid 1920] [client ::1:53776] PHP Parse error:  syntax error, unexpected '<<' (T_SL) in C:\\xampp\\htdocs\\includes\\header.php on line 3, referer: http://localhost/
[Fri Jan 05 09:30:11.041394 2018] [php7:crit] [pid 9244:tid 1920] [client ::1:53776] PHP Parse error:  syntax error, unexpected '<<' (T_SL) in C:\\xampp\\htdocs\\includes\\header.php on line 3, referer: http://localhost/
[Fri Jan 05 09:31:28.349638 2018] [php7:crit] [pid 9244:tid 1948] [client ::1:53786] PHP Parse error:  syntax error, unexpected '<<' (T_SL) in C:\\xampp\\htdocs\\includes\\header.php on line 2, referer: http://localhost/
[Fri Jan 05 09:31:28.752716 2018] [php7:crit] [pid 9244:tid 1948] [client ::1:53786] PHP Parse error:  syntax error, unexpected '<<' (T_SL) in C:\\xampp\\htdocs\\includes\\header.php on line 2, referer: http://localhost/
[Fri Jan 05 09:31:28.963021 2018] [php7:crit] [pid 9244:tid 1948] [client ::1:53786] PHP Parse error:  syntax error, unexpected '<<' (T_SL) in C:\\xampp\\htdocs\\includes\\header.php on line 2, referer: http://localhost/
[Fri Jan 05 09:31:29.176643 2018] [php7:crit] [pid 9244:tid 1948] [client ::1:53786] PHP Parse error:  syntax error, unexpected '<<' (T_SL) in C:\\xampp\\htdocs\\includes\\header.php on line 2, referer: http://localhost/
[Fri Jan 05 09:31:29.383480 2018] [php7:crit] [pid 9244:tid 1948] [client ::1:53786] PHP Parse error:  syntax error, unexpected '<<' (T_SL) in C:\\xampp\\htdocs\\includes\\header.php on line 2, referer: http://localhost/
[Fri Jan 05 09:31:29.599888 2018] [php7:crit] [pid 9244:tid 1948] [client ::1:53786] PHP Parse error:  syntax error, unexpected '<<' (T_SL) in C:\\xampp\\htdocs\\includes\\header.php on line 2, referer: http://localhost/
[Fri Jan 05 09:31:29.813163 2018] [php7:crit] [pid 9244:tid 1948] [client ::1:53786] PHP Parse error:  syntax error, unexpected '<<' (T_SL) in C:\\xampp\\htdocs\\includes\\header.php on line 2, referer: http://localhost/
[Fri Jan 05 09:31:30.020397 2018] [php7:crit] [pid 9244:tid 1948] [client ::1:53786] PHP Parse error:  syntax error, unexpected '<<' (T_SL) in C:\\xampp\\htdocs\\includes\\header.php on line 2, referer: http://localhost/
[Fri Jan 05 09:31:30.253104 2018] [php7:crit] [pid 9244:tid 1948] [client ::1:53786] PHP Parse error:  syntax error, unexpected '<<' (T_SL) in C:\\xampp\\htdocs\\includes\\header.php on line 2, referer: http://localhost/
[Fri Jan 05 09:31:30.495195 2018] [php7:crit] [pid 9244:tid 1948] [client ::1:53786] PHP Parse error:  syntax error, unexpected '<<' (T_SL) in C:\\xampp\\htdocs\\includes\\header.php on line 2, referer: http://localhost/
[Fri Jan 05 09:31:30.757142 2018] [php7:crit] [pid 9244:tid 1948] [client ::1:53786] PHP Parse error:  syntax error, unexpected '<<' (T_SL) in C:\\xampp\\htdocs\\includes\\header.php on line 2, referer: http://localhost/
[Fri Jan 05 09:31:31.059928 2018] [php7:crit] [pid 9244:tid 1948] [client ::1:53786] PHP Parse error:  syntax error, unexpected '<<' (T_SL) in C:\\xampp\\htdocs\\includes\\header.php on line 2, referer: http://localhost/
[Fri Jan 05 09:31:31.337968 2018] [php7:crit] [pid 9244:tid 1948] [client ::1:53786] PHP Parse error:  syntax error, unexpected '<<' (T_SL) in C:\\xampp\\htdocs\\includes\\header.php on line 2, referer: http://localhost/
[Fri Jan 05 09:31:31.667491 2018] [php7:crit] [pid 9244:tid 1948] [client ::1:53786] PHP Parse error:  syntax error, unexpected '<<' (T_SL) in C:\\xampp\\htdocs\\includes\\header.php on line 2, referer: http://localhost/
[Fri Jan 05 09:31:32.050649 2018] [php7:crit] [pid 9244:tid 1948] [client ::1:53786] PHP Parse error:  syntax error, unexpected '<<' (T_SL) in C:\\xampp\\htdocs\\includes\\header.php on line 2, referer: http://localhost/
[Fri Jan 05 09:32:04.340607 2018] [php7:crit] [pid 9244:tid 1920] [client ::1:53792] PHP Parse error:  syntax error, unexpected '<<' (T_SL) in C:\\xampp\\htdocs\\includes\\header.php on line 3, referer: http://localhost/
[Fri Jan 05 09:32:04.647515 2018] [php7:crit] [pid 9244:tid 1920] [client ::1:53792] PHP Parse error:  syntax error, unexpected '<<' (T_SL) in C:\\xampp\\htdocs\\includes\\header.php on line 3, referer: http://localhost/
[Fri Jan 05 09:32:04.840142 2018] [php7:crit] [pid 9244:tid 1920] [client ::1:53792] PHP Parse error:  syntax error, unexpected '<<' (T_SL) in C:\\xampp\\htdocs\\includes\\header.php on line 3, referer: http://localhost/
[Fri Jan 05 09:32:05.065249 2018] [php7:crit] [pid 9244:tid 1920] [client ::1:53792] PHP Parse error:  syntax error, unexpected '<<' (T_SL) in C:\\xampp\\htdocs\\includes\\header.php on line 3, referer: http://localhost/
[Fri Jan 05 09:32:05.303064 2018] [php7:crit] [pid 9244:tid 1920] [client ::1:53792] PHP Parse error:  syntax error, unexpected '<<' (T_SL) in C:\\xampp\\htdocs\\includes\\header.php on line 3, referer: http://localhost/
[Fri Jan 05 09:32:05.617217 2018] [php7:crit] [pid 9244:tid 1920] [client ::1:53792] PHP Parse error:  syntax error, unexpected '<<' (T_SL) in C:\\xampp\\htdocs\\includes\\header.php on line 3, referer: http://localhost/
[Fri Jan 05 09:32:19.312713 2018] [php7:crit] [pid 9244:tid 1948] [client ::1:53794] PHP Parse error:  syntax error, unexpected '<<' (T_SL) in C:\\xampp\\htdocs\\includes\\header.php on line 3, referer: http://localhost/
[Fri Jan 05 09:32:19.655577 2018] [php7:crit] [pid 9244:tid 1948] [client ::1:53794] PHP Parse error:  syntax error, unexpected '<<' (T_SL) in C:\\xampp\\htdocs\\includes\\header.php on line 3, referer: http://localhost/
[Fri Jan 05 09:32:19.916551 2018] [php7:crit] [pid 9244:tid 1948] [client ::1:53794] PHP Parse error:  syntax error, unexpected '<<' (T_SL) in C:\\xampp\\htdocs\\includes\\header.php on line 3, referer: http://localhost/
[Fri Jan 05 09:32:23.373795 2018] [php7:crit] [pid 9244:tid 1948] [client ::1:53794] PHP Parse error:  syntax error, unexpected '<<' (T_SL) in C:\\xampp\\htdocs\\includes\\header.php on line 3
[Fri Jan 05 09:33:22.543122 2018] [php7:crit] [pid 9244:tid 1920] [client ::1:53801] PHP Parse error:  syntax error, unexpected '<<' (T_SL) in C:\\xampp\\htdocs\\includes\\header.php on line 2
[Fri Jan 05 09:33:22.789231 2018] [php7:crit] [pid 9244:tid 1920] [client ::1:53801] PHP Parse error:  syntax error, unexpected '<<' (T_SL) in C:\\xampp\\htdocs\\includes\\header.php on line 2
[Fri Jan 05 09:33:23.005056 2018] [php7:crit] [pid 9244:tid 1920] [client ::1:53801] PHP Parse error:  syntax error, unexpected '<<' (T_SL) in C:\\xampp\\htdocs\\includes\\header.php on line 2
[Fri Jan 05 09:33:23.222130 2018] [php7:crit] [pid 9244:tid 1920] [client ::1:53801] PHP Parse error:  syntax error, unexpected '<<' (T_SL) in C:\\xampp\\htdocs\\includes\\header.php on line 2
[Fri Jan 05 09:33:23.428906 2018] [php7:crit] [pid 9244:tid 1920] [client ::1:53801] PHP Parse error:  syntax error, unexpected '<<' (T_SL) in C:\\xampp\\htdocs\\includes\\header.php on line 2
[Fri Jan 05 09:34:22.053807 2018] [php7:crit] [pid 9244:tid 1936] [client ::1:53830] PHP Parse error:  syntax error, unexpected '<<' (T_SL) in C:\\xampp\\htdocs\\includes\\header.php on line 2
[Fri Jan 05 09:34:22.402195 2018] [php7:crit] [pid 9244:tid 1936] [client ::1:53830] PHP Parse error:  syntax error, unexpected '<<' (T_SL) in C:\\xampp\\htdocs\\includes\\header.php on line 2
[Fri Jan 05 09:34:22.653284 2018] [php7:crit] [pid 9244:tid 1936] [client ::1:53830] PHP Parse error:  syntax error, unexpected '<<' (T_SL) in C:\\xampp\\htdocs\\includes\\header.php on line 2
[Fri Jan 05 09:34:22.951194 2018] [php7:crit] [pid 9244:tid 1936] [client ::1:53830] PHP Parse error:  syntax error, unexpected '<<' (T_SL) in C:\\xampp\\htdocs\\includes\\header.php on line 2
[Fri Jan 05 09:34:23.205509 2018] [php7:crit] [pid 9244:tid 1936] [client ::1:53830] PHP Parse error:  syntax error, unexpected '<<' (T_SL) in C:\\xampp\\htdocs\\includes\\header.php on line 2
[Fri Jan 05 09:34:23.513286 2018] [php7:crit] [pid 9244:tid 1936] [client ::1:53830] PHP Parse error:  syntax error, unexpected '<<' (T_SL) in C:\\xampp\\htdocs\\includes\\header.php on line 2
[Fri Jan 05 09:34:23.878753 2018] [php7:crit] [pid 9244:tid 1936] [client ::1:53830] PHP Parse error:  syntax error, unexpected '<<' (T_SL) in C:\\xampp\\htdocs\\includes\\header.php on line 2
[Fri Jan 05 09:35:04.408841 2018] [php7:crit] [pid 9244:tid 1936] [client ::1:53838] PHP Parse error:  syntax error, unexpected '<<' (T_SL) in C:\\xampp\\htdocs\\includes\\header.php on line 2
[Fri Jan 05 09:35:04.763174 2018] [php7:crit] [pid 9244:tid 1936] [client ::1:53838] PHP Parse error:  syntax error, unexpected '<<' (T_SL) in C:\\xampp\\htdocs\\includes\\header.php on line 2
[Fri Jan 05 09:35:04.993417 2018] [php7:crit] [pid 9244:tid 1936] [client ::1:53838] PHP Parse error:  syntax error, unexpected '<<' (T_SL) in C:\\xampp\\htdocs\\includes\\header.php on line 2
[Fri Jan 05 09:35:05.225308 2018] [php7:crit] [pid 9244:tid 1936] [client ::1:53838] PHP Parse error:  syntax error, unexpected '<<' (T_SL) in C:\\xampp\\htdocs\\includes\\header.php on line 2
[Fri Jan 05 09:35:05.449021 2018] [php7:crit] [pid 9244:tid 1936] [client ::1:53838] PHP Parse error:  syntax error, unexpected '<<' (T_SL) in C:\\xampp\\htdocs\\includes\\header.php on line 2
[Fri Jan 05 09:35:05.692391 2018] [php7:crit] [pid 9244:tid 1936] [client ::1:53838] PHP Parse error:  syntax error, unexpected '<<' (T_SL) in C:\\xampp\\htdocs\\includes\\header.php on line 2
[Fri Jan 05 09:35:05.924243 2018] [php7:crit] [pid 9244:tid 1936] [client ::1:53838] PHP Parse error:  syntax error, unexpected '<<' (T_SL) in C:\\xampp\\htdocs\\includes\\header.php on line 2
[Fri Jan 05 09:35:18.433278 2018] [php7:crit] [pid 9244:tid 1912] [client ::1:53840] PHP Parse error:  syntax error, unexpected '<<' (T_SL) in C:\\xampp\\htdocs\\includes\\header.php on line 2
[Fri Jan 05 09:35:18.795566 2018] [php7:crit] [pid 9244:tid 1912] [client ::1:53840] PHP Parse error:  syntax error, unexpected '<<' (T_SL) in C:\\xampp\\htdocs\\includes\\header.php on line 2
[Fri Jan 05 09:35:18.995815 2018] [php7:crit] [pid 9244:tid 1912] [client ::1:53840] PHP Parse error:  syntax error, unexpected '<<' (T_SL) in C:\\xampp\\htdocs\\includes\\header.php on line 2
[Fri Jan 05 09:35:19.188134 2018] [php7:crit] [pid 9244:tid 1912] [client ::1:53840] PHP Parse error:  syntax error, unexpected '<<' (T_SL) in C:\\xampp\\htdocs\\includes\\header.php on line 2
[Fri Jan 05 09:35:19.432603 2018] [php7:crit] [pid 9244:tid 1912] [client ::1:53840] PHP Parse error:  syntax error, unexpected '<<' (T_SL) in C:\\xampp\\htdocs\\includes\\header.php on line 2
[Fri Jan 05 09:35:19.688430 2018] [php7:crit] [pid 9244:tid 1912] [client ::1:53840] PHP Parse error:  syntax error, unexpected '<<' (T_SL) in C:\\xampp\\htdocs\\includes\\header.php on line 2
[Fri Jan 05 09:35:33.640662 2018] [php7:crit] [pid 9244:tid 1912] [client ::1:53842] PHP Parse error:  syntax error, unexpected '<<' (T_SL) in C:\\xampp\\htdocs\\includes\\header.php on line 2
[Fri Jan 05 09:35:33.858511 2018] [php7:crit] [pid 9244:tid 1912] [client ::1:53842] PHP Parse error:  syntax error, unexpected '<<' (T_SL) in C:\\xampp\\htdocs\\includes\\header.php on line 2
[Fri Jan 05 09:35:34.068939 2018] [php7:crit] [pid 9244:tid 1912] [client ::1:53842] PHP Parse error:  syntax error, unexpected '<<' (T_SL) in C:\\xampp\\htdocs\\includes\\header.php on line 2
[Fri Jan 05 09:35:34.271111 2018] [php7:crit] [pid 9244:tid 1912] [client ::1:53842] PHP Parse error:  syntax error, unexpected '<<' (T_SL) in C:\\xampp\\htdocs\\includes\\header.php on line 2
[Fri Jan 05 09:35:34.494189 2018] [php7:crit] [pid 9244:tid 1912] [client ::1:53842] PHP Parse error:  syntax error, unexpected '<<' (T_SL) in C:\\xampp\\htdocs\\includes\\header.php on line 2
[Fri Jan 05 09:35:34.691314 2018] [php7:crit] [pid 9244:tid 1912] [client ::1:53842] PHP Parse error:  syntax error, unexpected '<<' (T_SL) in C:\\xampp\\htdocs\\includes\\header.php on line 2
[Fri Jan 05 09:35:34.922295 2018] [php7:crit] [pid 9244:tid 1912] [client ::1:53842] PHP Parse error:  syntax error, unexpected '<<' (T_SL) in C:\\xampp\\htdocs\\includes\\header.php on line 2
[Fri Jan 05 09:36:10.690375 2018] [php7:crit] [pid 9244:tid 1912] [client ::1:53860] PHP Parse error:  syntax error, unexpected '' (T_ENCAPSED_AND_WHITESPACE), expecting '-' or identifier (T_STRING) or variable (T_VARIABLE) or number (T_NUM_STRING) in C:\\xampp\\htdocs\\includes\\header.php on line 42
[Fri Jan 05 10:08:04.833956 2018] [php7:notice] [pid 9244:tid 1912] [client ::1:54380] PHP Notice:  Undefined index: nick in C:\\xampp\\htdocs\\php\\visualizaCarrito.php on line 7, referer: http://localhost/carro.php
[Fri Jan 05 10:08:40.934624 2018] [php7:notice] [pid 9244:tid 1912] [client ::1:54386] PHP Notice:  Undefined index: nick in C:\\xampp\\htdocs\\php\\visualizaCarrito.php on line 7, referer: http://localhost/carro.php
[Fri Jan 05 10:08:41.786545 2018] [php7:notice] [pid 9244:tid 1912] [client ::1:54386] PHP Notice:  Undefined index: nick in C:\\xampp\\htdocs\\php\\visualizaCarrito.php on line 7, referer: http://localhost/carro.php
[Fri Jan 05 10:08:42.013075 2018] [php7:notice] [pid 9244:tid 1912] [client ::1:54386] PHP Notice:  Undefined index: nick in C:\\xampp\\htdocs\\php\\visualizaCarrito.php on line 7, referer: http://localhost/carro.php
[Fri Jan 05 10:08:42.265582 2018] [php7:notice] [pid 9244:tid 1912] [client ::1:54386] PHP Notice:  Undefined index: nick in C:\\xampp\\htdocs\\php\\visualizaCarrito.php on line 7, referer: http://localhost/carro.php
[Fri Jan 05 10:08:52.939483 2018] [php7:notice] [pid 9244:tid 1936] [client ::1:54387] PHP Notice:  Undefined index: nick in C:\\xampp\\htdocs\\php\\visualizaCarrito.php on line 7, referer: http://localhost/carro.php
[Fri Jan 05 10:09:44.678776 2018] [php7:notice] [pid 9244:tid 1936] [client ::1:54431] PHP Notice:  Undefined index: nick in C:\\xampp\\htdocs\\php\\visualizaCarrito.php on line 7, referer: http://localhost/carro.php
[Fri Jan 05 10:11:51.556217 2018] [php7:notice] [pid 9244:tid 1936] [client ::1:54452] PHP Notice:  Undefined index: nick in C:\\xampp\\htdocs\\php\\visualizaCarrito.php on line 7, referer: http://localhost/
[Fri Jan 05 10:13:41.423817 2018] [php7:warn] [pid 9244:tid 1936] [client ::1:54484] PHP Warning:  session_regenerate_id(): Session object destruction failed.  ID: files (path: C:\\xampp\\tmp) in C:\\xampp\\htdocs\\php\\login.php on line 25, referer: http://localhost/
[Fri Jan 05 10:15:13.303551 2018] [php7:notice] [pid 9244:tid 1936] [client ::1:54504] PHP Notice:  Undefined index: nick in C:\\xampp\\htdocs\\php\\visualizaCarrito.php on line 7, referer: http://localhost/carro.php
[Fri Jan 05 10:15:51.650137 2018] [php7:notice] [pid 9244:tid 1912] [client ::1:54516] PHP Notice:  Undefined index: nick in C:\\xampp\\htdocs\\php\\visualizaCarrito.php on line 7, referer: http://localhost/carro.php
[Fri Jan 05 10:15:52.471080 2018] [php7:notice] [pid 9244:tid 1912] [client ::1:54516] PHP Notice:  Undefined index: nick in C:\\xampp\\htdocs\\php\\visualizaCarrito.php on line 7, referer: http://localhost/carro.php
[Fri Jan 05 10:15:52.731135 2018] [php7:notice] [pid 9244:tid 1912] [client ::1:54516] PHP Notice:  Undefined index: nick in C:\\xampp\\htdocs\\php\\visualizaCarrito.php on line 7, referer: http://localhost/carro.php
[Fri Jan 05 10:15:53.006161 2018] [php7:notice] [pid 9244:tid 1912] [client ::1:54516] PHP Notice:  Undefined index: nick in C:\\xampp\\htdocs\\php\\visualizaCarrito.php on line 7, referer: http://localhost/carro.php
[Fri Jan 05 10:46:50.002547 2018] [php7:crit] [pid 9244:tid 1920] [client ::1:54898] PHP Parse error:  syntax error, unexpected 'glyphicon' (T_STRING) in C:\\xampp\\htdocs\\includes\\header.php on line 47, referer: http://localhost/index.php
[Fri Jan 05 10:46:50.971177 2018] [php7:crit] [pid 9244:tid 1920] [client ::1:54898] PHP Parse error:  syntax error, unexpected 'glyphicon' (T_STRING) in C:\\xampp\\htdocs\\includes\\header.php on line 47, referer: http://localhost/index.php
[Fri Jan 05 10:46:51.257044 2018] [php7:crit] [pid 9244:tid 1920] [client ::1:54898] PHP Parse error:  syntax error, unexpected 'glyphicon' (T_STRING) in C:\\xampp\\htdocs\\includes\\header.php on line 47, referer: http://localhost/index.php
[Fri Jan 05 10:53:42.736587 2018] [php7:crit] [pid 9244:tid 1920] [client ::1:54974] PHP Parse error:  syntax error, unexpected 'button' (T_STRING) in C:\\xampp\\htdocs\\includes\\header.php on line 47, referer: http://localhost/index.php
[Fri Jan 05 10:53:43.677885 2018] [php7:crit] [pid 9244:tid 1920] [client ::1:54974] PHP Parse error:  syntax error, unexpected 'button' (T_STRING) in C:\\xampp\\htdocs\\includes\\header.php on line 47, referer: http://localhost/index.php
[Fri Jan 05 10:53:43.905103 2018] [php7:crit] [pid 9244:tid 1920] [client ::1:54974] PHP Parse error:  syntax error, unexpected 'button' (T_STRING) in C:\\xampp\\htdocs\\includes\\header.php on line 47, referer: http://localhost/index.php
[Fri Jan 05 10:53:44.153095 2018] [php7:crit] [pid 9244:tid 1920] [client ::1:54974] PHP Parse error:  syntax error, unexpected 'button' (T_STRING) in C:\\xampp\\htdocs\\includes\\header.php on line 47, referer: http://localhost/index.php
[Fri Jan 05 10:53:44.400439 2018] [php7:crit] [pid 9244:tid 1920] [client ::1:54974] PHP Parse error:  syntax error, unexpected 'button' (T_STRING) in C:\\xampp\\htdocs\\includes\\header.php on line 47, referer: http://localhost/index.php
[Fri Jan 05 10:53:44.663874 2018] [php7:crit] [pid 9244:tid 1920] [client ::1:54974] PHP Parse error:  syntax error, unexpected 'button' (T_STRING) in C:\\xampp\\htdocs\\includes\\header.php on line 47, referer: http://localhost/index.php
[Fri Jan 05 10:53:44.976860 2018] [php7:crit] [pid 9244:tid 1920] [client ::1:54974] PHP Parse error:  syntax error, unexpected 'button' (T_STRING) in C:\\xampp\\htdocs\\includes\\header.php on line 47, referer: http://localhost/index.php
[Fri Jan 05 12:23:08.809068 2018] [php7:notice] [pid 9244:tid 1912] [client ::1:55943] PHP Notice:  Undefined index: nick in C:\\xampp\\htdocs\\php\\visualizaCarrito.php on line 7
[Fri Jan 05 12:23:32.500121 2018] [php7:notice] [pid 9244:tid 1920] [client ::1:55949] PHP Notice:  Undefined index: nick in C:\\xampp\\htdocs\\php\\visualizaCarrito.php on line 7, referer: http://localhost/carro.php
[Fri Jan 05 13:21:57.372682 2018] [php7:warn] [pid 9244:tid 1932] [client ::1:57390] PHP Warning:  mysqli::__construct(): (HY000/1045): Access denied for user 'administrador'@'localhost' (using password: YES) in C:\\xampp\\htdocs\\php\\visualizaProductos.php on line 7
[Mon Jan 08 09:44:41.996345 2018] [ssl:warn] [pid 5640:tid 676] AH01909: www.example.com:443:0 server certificate does NOT include an ID which matches the server name
[Mon Jan 08 09:44:42.027597 2018] [core:warn] [pid 5640:tid 676] AH00098: pid file C:/xampp/apache/logs/httpd.pid overwritten -- Unclean shutdown of previous Apache run?
[Mon Jan 08 09:44:42.027597 2018] [ssl:warn] [pid 5640:tid 676] AH01909: www.example.com:443:0 server certificate does NOT include an ID which matches the server name
[Mon Jan 08 09:44:42.325501 2018] [mpm_winnt:notice] [pid 5640:tid 676] AH00455: Apache/2.4.29 (Win32) OpenSSL/1.1.0g PHP/7.2.0 configured -- resuming normal operations
[Mon Jan 08 09:44:42.325501 2018] [mpm_winnt:notice] [pid 5640:tid 676] AH00456: Apache Lounge VC15 Server built: Nov  3 2017 10:30:36
[Mon Jan 08 09:44:42.341127 2018] [core:notice] [pid 5640:tid 676] AH00094: Command line: 'c:\\xampp\\apache\\bin\\httpd.exe -d C:/xampp/apache'
[Mon Jan 08 09:44:42.341127 2018] [mpm_winnt:notice] [pid 5640:tid 676] AH00418: Parent: Created child process 12760
[Mon Jan 08 09:44:42.811203 2018] [ssl:warn] [pid 12760:tid 720] AH01909: www.example.com:443:0 server certificate does NOT include an ID which matches the server name
[Mon Jan 08 09:44:42.842455 2018] [ssl:warn] [pid 12760:tid 720] AH01909: www.example.com:443:0 server certificate does NOT include an ID which matches the server name
[Mon Jan 08 09:44:42.880215 2018] [mpm_winnt:notice] [pid 12760:tid 720] AH00354: Child: Starting 150 worker threads.
[Mon Jan 08 11:03:23.853402 2018] [php7:error] [pid 12760:tid 1904] [client ::1:49620] script 'C:/xampp/htdocs/php/buscarProducto.php' not found or unable to stat, referer: http://localhost/
[Mon Jan 08 11:21:47.240169 2018] [php7:crit] [pid 12760:tid 1912] [client ::1:49829] PHP Parse error:  syntax error, unexpected '}', expecting end of file in C:\\xampp\\htdocs\\php\\buscarProducto.php on line 77, referer: http://localhost/
[Mon Jan 08 11:22:28.132224 2018] [php7:crit] [pid 12760:tid 1912] [client ::1:49836] PHP Parse error:  syntax error, unexpected '}', expecting end of file in C:\\xampp\\htdocs\\php\\buscarProducto.php on line 77, referer: http://localhost/
[Mon Jan 08 11:23:32.097623 2018] [php7:crit] [pid 12760:tid 1912] [client ::1:49842] PHP Parse error:  syntax error, unexpected '}', expecting end of file in C:\\xampp\\htdocs\\php\\buscarProducto.php on line 77, referer: http://localhost/
[Mon Jan 08 11:31:39.353944 2018] [php7:error] [pid 12760:tid 1904] [client ::1:50721] PHP Fatal error:  Uncaught Error: Call to a member function free() on boolean in C:\\xampp\\htdocs\\php\\buscarProducto.php:75\nStack trace:\n#0 {main}\n  thrown in C:\\xampp\\htdocs\\php\\buscarProducto.php on line 75, referer: http://localhost/
[Mon Jan 08 11:32:21.381861 2018] [php7:warn] [pid 12760:tid 1904] [client ::1:50781] PHP Warning:  sprintf(): Too few arguments in C:\\xampp\\htdocs\\php\\buscarProducto.php on line 16, referer: http://localhost/
[Mon Jan 08 11:32:21.381861 2018] [php7:warn] [pid 12760:tid 1904] [client ::1:50781] PHP Warning:  mysqli::query(): Empty query in C:\\xampp\\htdocs\\php\\buscarProducto.php on line 18, referer: http://localhost/
[Mon Jan 08 11:32:21.381861 2018] [php7:error] [pid 12760:tid 1904] [client ::1:50781] PHP Fatal error:  Uncaught Error: Call to a member function free() on boolean in C:\\xampp\\htdocs\\php\\buscarProducto.php:75\nStack trace:\n#0 {main}\n  thrown in C:\\xampp\\htdocs\\php\\buscarProducto.php on line 75, referer: http://localhost/
[Mon Jan 08 11:33:33.569645 2018] [php7:warn] [pid 12760:tid 1904] [client ::1:50893] PHP Warning:  sprintf(): Too few arguments in C:\\xampp\\htdocs\\php\\buscarProducto.php on line 16, referer: http://localhost/
[Mon Jan 08 11:33:33.569645 2018] [php7:warn] [pid 12760:tid 1904] [client ::1:50893] PHP Warning:  mysqli::query(): Empty query in C:\\xampp\\htdocs\\php\\buscarProducto.php on line 18, referer: http://localhost/
[Mon Jan 08 11:33:33.569645 2018] [php7:error] [pid 12760:tid 1904] [client ::1:50893] PHP Fatal error:  Uncaught Error: Call to a member function free() on boolean in C:\\xampp\\htdocs\\php\\buscarProducto.php:75\nStack trace:\n#0 {main}\n  thrown in C:\\xampp\\htdocs\\php\\buscarProducto.php on line 75, referer: http://localhost/
[Mon Jan 08 11:33:52.752765 2018] [php7:warn] [pid 12760:tid 1904] [client ::1:50916] PHP Warning:  printf(): Too few arguments in C:\\xampp\\htdocs\\php\\buscarProducto.php on line 16, referer: http://localhost/
[Mon Jan 08 11:33:52.753765 2018] [php7:warn] [pid 12760:tid 1904] [client ::1:50916] PHP Warning:  mysqli::query(): Empty query in C:\\xampp\\htdocs\\php\\buscarProducto.php on line 18, referer: http://localhost/
[Mon Jan 08 11:33:52.753765 2018] [php7:error] [pid 12760:tid 1904] [client ::1:50916] PHP Fatal error:  Uncaught Error: Call to a member function free() on boolean in C:\\xampp\\htdocs\\php\\buscarProducto.php:75\nStack trace:\n#0 {main}\n  thrown in C:\\xampp\\htdocs\\php\\buscarProducto.php on line 75, referer: http://localhost/
[Mon Jan 08 11:39:04.508670 2018] [php7:error] [pid 12760:tid 1904] [client ::1:51391] PHP Fatal error:  Uncaught Error: Call to a member function free() on boolean in C:\\xampp\\htdocs\\php\\buscarProducto.php:75\nStack trace:\n#0 {main}\n  thrown in C:\\xampp\\htdocs\\php\\buscarProducto.php on line 75, referer: http://localhost/
[Mon Jan 08 11:41:14.087266 2018] [php7:error] [pid 12760:tid 1904] [client ::1:51587] PHP Fatal error:  Uncaught Error: Call to a member function free() on boolean in C:\\xampp\\htdocs\\php\\buscarProducto.php:75\nStack trace:\n#0 {main}\n  thrown in C:\\xampp\\htdocs\\php\\buscarProducto.php on line 75, referer: http://localhost/
[Mon Jan 08 11:42:09.170239 2018] [php7:notice] [pid 12760:tid 1904] [client ::1:51670] PHP Notice:  Undefined variable: Angelito in C:\\xampp\\htdocs\\php\\buscarProducto.php on line 16, referer: http://localhost/
